#
# A fatal error has been detected by the Java Runtime Environment:
#
#  EXCEPTION_ACCESS_VIOLATION (0xc0000005) at pc=0x00007ff832986587, pid=14128, tid=25040
#
# JRE version: OpenJDK Runtime Environment Corretto-21.0.6.7.1 (21.0.6+7) (build 21.0.6+7-LTS)
# Java VM: OpenJDK 64-Bit Server VM Corretto-21.0.6.7.1 (21.0.6+7-LTS, mixed mode, sharing, tiered, compressed oops, compressed class ptrs, g1 gc, windows-amd64)
# Problematic frame:
# C  [glass.dll+0x26587]
#
# No core dump will be written. Minidumps are not enabled by default on client versions of Windows
#
# If you would like to submit a bug report, please visit:
#   https://github.com/corretto/corretto-21/issues/
#

---------------  S U M M A R Y ------------

Command Line: -agentlib:jdwp=transport=dt_socket,address=127.0.0.1:49589,suspend=y,server=n -agentpath:C:\Users\Serein\AppData\Local\Temp\idea_libasyncProfiler_dll_temp_folder7\libasyncProfiler.dll=version,jfr,event=wall,interval=10ms,cstack=no,file=C:\Users\Serein\IdeaSnapshots\MainApplication_2025_05_19_151610.jfr,dbghelppath=C:\Users\Serein\AppData\Local\Temp\idea_dbghelp_dll_temp_folder\dbghelp.dll,log=C:\Users\Serein\AppData\Local\Temp\MainApplication_2025_05_19_151610.jfr.log.txt,logLevel=DEBUG -javaagent:C:\Users\Serein\AppData\Local\JetBrains\IntelliJIdea2024.3\captureAgent\debugger-agent.jar -Dkotlinx.coroutines.debug.enable.creation.stack.trace=false -Ddebugger.agent.enable.coroutines=true -Dkotlinx.coroutines.debug.enable.flows.stack.trace=true -Dkotlinx.coroutines.debug.enable.mutable.state.flows.stack.trace=true -Dfile.encoding=UTF-8 -Dsun.stdout.encoding=UTF-8 -Dsun.stderr.encoding=UTF-8 --module-path=C:\Users\Serein\.m2\repository\com\google\code\gson\gson\2.8.6\gson-2.8.6.jar;C:\Users\Serein\Desktop\´úÂëÎÄ¼þ¼Ð111\JavaProgramDesignForStudentManageFrontEnd\target\classes;C:\Users\Serein\.m2\repository\org\openjfx\javafx-controls\21\javafx-controls-21-win.jar;C:\Users\Serein\.m2\repository\org\openjfx\javafx-graphics\21\javafx-graphics-21-win.jar;C:\Users\Serein\.m2\repository\org\openjfx\javafx-fxml\21\javafx-fxml-21-win.jar;C:\Users\Serein\.m2\repository\org\openjfx\javafx-swing\21\javafx-swing-21-win.jar;C:\Users\Serein\.m2\repository\com\fasterxml\jackson\core\jackson-databind\2.18.2\jackson-databind-2.18.2.jar;C:\Users\Serein\.m2\repository\com\fasterxml\jackson\core\jackson-annotations\2.18.2\jackson-annotations-2.18.2.jar;C:\Users\Serein\.m2\repository\com\fasterxml\jackson\core\jackson-core\2.18.2\jackson-core-2.18.2.jar;C:\Users\Serein\.m2\repository\org\openjfx\javafx-base\21\javafx-base-21-win.jar -Djdk.module.main=com.teach.javafx com.teach.javafx/com.teach.javafx.MainApplication

Host: 13th Gen Intel(R) Core(TM) i7-13650HX, 20 cores, 23G,  Windows 11 , 64 bit Build 26100 (10.0.26100.3912)
Time: Mon May 19 15:18:01 2025  Windows 11 , 64 bit Build 26100 (10.0.26100.3912) elapsed time: 111.158438 seconds (0d 0h 1m 51s)

---------------  T H R E A D  ---------------

Current thread (0x0000022bfec9e9e0):  VMThread "VM Thread"          [id=25040, stack(0x0000006c18a00000,0x0000006c18b00000) (1024K)]

Stack: [0x0000006c18a00000,0x0000006c18b00000],  sp=0x0000006c18afef00,  free space=1019k
Native frames: (J=compiled Java code, j=interpreted, Vv=VM code, C=native code)
C  [glass.dll+0x26587]


siginfo: EXCEPTION_ACCESS_VIOLATION (0xc0000005), reading address 0x0000000000000000


Registers:
RAX=0x0000000000000000, RBX=0x0000022bfb348082, RCX=0x0000022bfec9e9e0, RDX=0x0000006c18afef00
RSP=0x0000006c18afef00, RBP=0x0000b6e23e9d07f2, RSI=0x0000022beb6c6358, RDI=0x0000022beb6c6330
R8 =0x0000000000010002, R9 =0x0000b6e23e9d07f2, R10=0x0000022bfeda0000, R11=0x0000022bec982e90
R12=0x00007ff832960000, R13=0x000000007ffe0385, R14=0x0000006c18aff008, R15=0x0000022beb6c6330
RIP=0x00007ff832986587, EFLAGS=0x0000000000010202

XMM[0]=0x0000000000000000 0x0000000000000000
XMM[1]=0x0000000000000000 0x0000000000000000
XMM[2]=0x0000000000000000 0x0000000000000000
XMM[3]=0x0000000000000000 0x0000000000000000
XMM[4]=0x0000000000000000 0x0000000000000000
XMM[5]=0x0000000000000000 0x0000000000000000
XMM[6]=0x0000000000000000 0x0000000000000000
XMM[7]=0x0000000000000000 0x404e000000000000
XMM[8]=0x0000000000000000 0x0000000000000000
XMM[9]=0x0000000000000000 0x0000000000000000
XMM[10]=0x0000000000000000 0x0000000000000000
XMM[11]=0x0000000000000000 0x0000000000000000
XMM[12]=0x0000000000000000 0x0000000000000000
XMM[13]=0x0000000000000000 0x0000000000000000
XMM[14]=0x0000000000000000 0x0000000000000000
XMM[15]=0x0000000000000000 0x0000000000000000
  MXCSR=0x00001fa1


Register to memory mapping:

RAX=0x0 is null
RBX=0x0000022bfb348082 is a global jni handle
RCX=0x0000022bfec9e9e0 points into unknown readable memory: 0x00007fffaa5b4ca0 | a0 4c 5b aa ff 7f 00 00
RDX=0x0000006c18afef00 points into unknown readable memory: 0x0000000000000000 | 00 00 00 00 00 00 00 00
RSP=0x0000006c18afef00 points into unknown readable memory: 0x0000000000000000 | 00 00 00 00 00 00 00 00
RBP=0x0000b6e23e9d07f2 is an unknown value
RSI=0x0000022beb6c6358 points into unknown readable memory: 0x0000b6e23e9d07f2 | f2 07 9d 3e e2 b6 00 00
RDI=0x0000022beb6c6330 points into unknown readable memory: 0xe7a0b6e3c17dcd92 | 92 cd 7d c1 e3 b6 a0 e7
R8 =0x0000000000010002 is an unknown value
R9 =0x0000b6e23e9d07f2 is an unknown value
R10=0x0000022bfeda0000 points into unknown readable memory: 0x0000000000000000 | 00 00 00 00 00 00 00 00
R11=0x0000022bec982e90 points into unknown readable memory: 0x0000022ba494b0f0 | f0 b0 94 a4 2b 02 00 00
R12=0x00007ff832960000 glass.dll
R13=0x000000007ffe0385 points into unknown readable memory: 00 00 00
R14=0x0000006c18aff008 points into unknown readable memory: 0x0000006c18afeff0 | f0 ef af 18 6c 00 00 00
R15=0x0000022beb6c6330 points into unknown readable memory: 0xe7a0b6e3c17dcd92 | 92 cd 7d c1 e3 b6 a0 e7

Top of Stack: (sp=0x0000006c18afef00)
0x0000006c18afef00:   0000000000000000 0000022b00000000
0x0000006c18afef10:   0000022beb6b7cb0 00007ff832960000
0x0000006c18afef20:   0000022beb6c6338 00007ff84890bc75
0x0000006c18afef30:   0000022beb6c6330 0000022b00000000
0x0000006c18afef40:   0000022beb6c6350 0000b6e23e9d07f2
0x0000006c18afef50:   fffffffffffffffe 0000000000000001
0x0000006c18afef60:   0000000000000000 00007ff832960000
0x0000006c18afef70:   0000006c18afeff8 00007ff84890b897
0x0000006c18afef80:   0000006c18aff000 0000006c18aff008
0x0000006c18afef90:   0000006c18aff530 00007ff8489f88c0
0x0000006c18afefa0:   0000000000000001 00007ff84890b84d
0x0000006c18afefb0:   0000000000000000 0000000000000001
0x0000006c18afefc0:   0000000000000000 0000006c18afeff8
0x0000006c18afefd0:   fffffffffffffffe 0000000000000000
0x0000006c18afefe0:   0000000000000001 00007ff832983d5d
0x0000006c18afeff0:   00007ff83299a008 00007fff00000002
0x0000006c18aff000:   0000000000000002 0000006c18afeff0
0x0000006c18aff010:   ffffffffffffff00 0000b47fadbec384
0x0000006c18aff020:   0000000000000000 00007ff832983e82
0x0000006c18aff030:   0000000000000001 000000007ffe0300
0x0000006c18aff040:   0000000000000001 0000000000000001
0x0000006c18aff050:   00007ff847bc0000 0000006c18aff530
0x0000006c18aff060:   0000000000000001 00007ff847bc0000
0x0000006c18aff070:   00007ff832983ed0 0000000000000001
0x0000006c18aff080:   0000000000000001 00007ff84b3c8083
0x0000006c18aff090:   00007ff832960000 0000000000000000
0x0000006c18aff0a0:   0000000000000001 000000007ffe0384
0x0000006c18aff0b0:   000000000000008d 0000000000000000
0x0000006c18aff0c0:   0000000000000000 0000000000000000
0x0000006c18aff0d0:   00007ff832960000 fffffd5e00000000
0x0000006c18aff0e0:   00000000000000ba 0000000000000000
0x0000006c18aff0f0:   0000000000000000 0000022bfefe62d0 

Instructions: (pc=0x00007ff832986587)
0x00007ff832986487:   8b 4d 58 e8 8d cf ff ff 48 8b 4d 60 e8 84 cf ff
0x00007ff832986497:   ff 48 8b 95 80 00 00 00 48 8b 8d 18 01 00 00 e8
0x00007ff8329864a7:   76 c4 ff ff 33 d2 33 c9 e8 cc e1 ff ff 90 48 89
0x00007ff8329864b7:   54 24 10 55 48 83 ec 20 48 8b ea 48 b8 00 00 00
0x00007ff8329864c7:   00 00 00 00 00 48 83 c4 20 5d c3 cc 40 55 48 8b
0x00007ff8329864d7:   ea 48 8b 01 33 c9 81 38 05 00 00 c0 0f 94 c1 8b
0x00007ff8329864e7:   c1 5d c3 cc 40 55 48 83 ec 20 48 8b ea 8a 4d 40
0x00007ff8329864f7:   48 83 c4 20 5d e9 73 d3 ff ff cc 40 55 48 83 ec
0x00007ff832986507:   20 48 8b ea 8a 4d 20 e8 61 d3 ff ff 90 48 83 c4
0x00007ff832986517:   20 5d c3 cc 40 55 48 83 ec 20 48 8b ea 48 83 c4
0x00007ff832986527:   20 5d e9 c2 d1 ff ff cc 40 55 48 83 ec 30 48 8b
0x00007ff832986537:   ea 48 8b 01 8b 10 48 89 4c 24 28 89 54 24 20 4c
0x00007ff832986547:   8d 0d 63 d6 ff ff 4c 8b 45 70 8b 55 68 48 8b 4d
0x00007ff832986557:   60 e8 03 d1 ff ff 90 48 83 c4 30 5d c3 cc cc cc
0x00007ff832986567:   cc cc cc cc cc cc cc cc cc 40 53 48 83 ec 20 48
0x00007ff832986577:   8b 1d 8b 34 01 00 48 85 db 74 16 e8 89 8f ff ff
0x00007ff832986587:   4c 8b 00 48 8b d3 48 8b c8 41 ff 90 b0 00 00 00
0x00007ff832986597:   90 48 83 c4 20 5b c3 cc cc 40 53 48 83 ec 20 48
0x00007ff8329865a7:   8b 1d fb 35 01 00 48 85 db 74 57 b8 ff ff ff ff
0x00007ff8329865b7:   f0 0f c1 43 10 83 f8 01 75 3d 48 85 db 74 38 48
0x00007ff8329865c7:   8b 0b 48 85 c9 74 0d ff 15 d4 0c 00 00 48 c7 03
0x00007ff8329865d7:   00 00 00 00 48 8b 4b 08 48 85 c9 74 0d e8 33 ce
0x00007ff8329865e7:   ff ff 48 c7 43 08 00 00 00 00 ba 18 00 00 00 48
0x00007ff8329865f7:   8b cb e8 1e ce ff ff 48 c7 05 9f 35 01 00 00 00
0x00007ff832986607:   00 00 48 83 c4 20 5b c3 cc 40 53 48 83 ec 20 48
0x00007ff832986617:   8b 1d 6b 35 01 00 48 85 db 74 57 b8 ff ff ff ff
0x00007ff832986627:   f0 0f c1 43 10 83 f8 01 75 3d 48 85 db 74 38 48
0x00007ff832986637:   8b 0b 48 85 c9 74 0d ff 15 64 0c 00 00 48 c7 03
0x00007ff832986647:   00 00 00 00 48 8b 4b 08 48 85 c9 74 0d e8 c3 cd
0x00007ff832986657:   ff ff 48 c7 43 08 00 00 00 00 ba 18 00 00 00 48
0x00007ff832986667:   8b cb e8 ae cd ff ff 48 c7 05 0f 35 01 00 00 00
0x00007ff832986677:   00 00 48 83 c4 20 5b c3 cc 40 53 48 83 ec 20 48 


Stack slot to memory mapping:

stack at sp + 0 slots: 0x0 is null
stack at sp + 1 slots: 0x0000022b00000000 is an unknown value
stack at sp + 2 slots: 0x0000022beb6b7cb0 points into unknown readable memory: 0x0000022beb6b7fe0 | e0 7f 6b eb 2b 02 00 00
stack at sp + 3 slots: 0x00007ff832960000 glass.dll
stack at sp + 4 slots: 0x0000022beb6c6338 points into unknown readable memory: 0x0000b6e23e9d07f2 | f2 07 9d 3e e2 b6 00 00
stack at sp + 5 slots: 0x00007ff84890bc75 ucrtbase.dll
stack at sp + 6 slots: 0x0000022beb6c6330 points into unknown readable memory: 0xe7a0b6e3c17dcd92 | 92 cd 7d c1 e3 b6 a0 e7
stack at sp + 7 slots: 0x0000022b00000000 is an unknown value

VM_Operation (0x0000006c180ff190): Exit, mode: safepoint, requested by thread 0x0000022bea822060


---------------  P R O C E S S  ---------------

Threads class SMR info:
_java_thread_list=0x0000022bf2061970, length=21, elements={
0x0000022b89c88240, 0x0000022ba47b29a0, 0x0000022ba47b33f0, 0x0000022ba47b8c10,
0x0000022ba47c17b0, 0x0000022ba47c2330, 0x0000022ba47c7200, 0x0000022ba47c7fd0,
0x0000022ba48d37a0, 0x0000022bea5fe880, 0x0000022bea9bdcd0, 0x0000022beb44ae80,
0x0000022beb6c6630, 0x0000022beb727580, 0x0000022bec86e9b0, 0x0000022bec8753e0,
0x0000022becc267b0, 0x0000022bf18182b0, 0x0000022bf181d800, 0x0000022bea822060,
0x0000022bea825b70
}

Java Threads: ( => current thread )
  0x0000022b89c88240 JavaThread "main"                              [_thread_blocked, id=21904, stack(0x0000006c18300000,0x0000006c18400000) (1024K)]
  0x0000022ba47b29a0 JavaThread "Reference Handler"          daemon [_thread_blocked, id=21308, stack(0x0000006c18b00000,0x0000006c18c00000) (1024K)]
  0x0000022ba47b33f0 JavaThread "Finalizer"                  daemon [_thread_blocked, id=14432, stack(0x0000006c18c00000,0x0000006c18d00000) (1024K)]
  0x0000022ba47b8c10 JavaThread "Attach Listener"            daemon [_thread_blocked, id=8296, stack(0x0000006c18e00000,0x0000006c18f00000) (1024K)]
  0x0000022ba47c17b0 JavaThread "Service Thread"             daemon [_thread_blocked, id=17852, stack(0x0000006c18f00000,0x0000006c19000000) (1024K)]
  0x0000022ba47c2330 JavaThread "Monitor Deflation Thread"   daemon [_thread_blocked, id=2072, stack(0x0000006c19000000,0x0000006c19100000) (1024K)]
  0x0000022ba47c7200 JavaThread "C2 CompilerThread0"         daemon [_thread_blocked, id=6808, stack(0x0000006c19100000,0x0000006c19200000) (1024K)]
  0x0000022ba47c7fd0 JavaThread "C1 CompilerThread0"         daemon [_thread_blocked, id=4428, stack(0x0000006c19200000,0x0000006c19300000) (1024K)]
  0x0000022ba48d37a0 JavaThread "Common-Cleaner"             daemon [_thread_blocked, id=14688, stack(0x0000006c19300000,0x0000006c19400000) (1024K)]
  0x0000022bea5fe880 JavaThread "JDWP Event Helper Thread"   daemon [_thread_blocked, id=12328, stack(0x0000006c19d00000,0x0000006c19e00000) (1024K)]
  0x0000022bea9bdcd0 JavaThread "Notification Thread"        daemon [_thread_blocked, id=13000, stack(0x0000006c19f00000,0x0000006c1a000000) (1024K)]
  0x0000022beb44ae80 JavaThread "QuantumRenderer-0"          daemon [_thread_blocked, id=28412, stack(0x0000006c19900000,0x0000006c19a00000) (1024K)]
  0x0000022beb6c6630 JavaThread "InvokeLaterDispatcher"      daemon [_thread_blocked, id=16588, stack(0x0000006c19500000,0x0000006c19600000) (1024K)]
  0x0000022beb727580 JavaThread "JavaFX Application Thread"         [_thread_blocked, id=22352, stack(0x0000006c19800000,0x0000006c19900000) (1024K)]
  0x0000022bec86e9b0 JavaThread "Thread-1"                   daemon [_thread_in_native, id=27092, stack(0x0000006c1be00000,0x0000006c1bf00000) (1024K)]
  0x0000022bec8753e0 JavaThread "JavaFX-Launcher"                   [_thread_blocked, id=2112, stack(0x0000006c1bf00000,0x0000006c1c000000) (1024K)]
  0x0000022becc267b0 JavaThread "Prism Font Disposer"        daemon [_thread_blocked, id=16320, stack(0x0000006c1cb00000,0x0000006c1cc00000) (1024K)]
  0x0000022bf18182b0 JavaThread "Cleaner-0"                  daemon [_thread_blocked, id=840, stack(0x0000006c1cc00000,0x0000006c1cd00000) (1024K)]
  0x0000022bf181d800 JavaThread "HttpClient-1-SelectorManager" daemon [_thread_in_native, id=13840, stack(0x0000006c1ce00000,0x0000006c1cf00000) (1024K)]
  0x0000022bea822060 JavaThread "SIGINT handler"             daemon [_thread_blocked, id=29668, stack(0x0000006c18000000,0x0000006c18100000) (1024K)]
  0x0000022bea825b70 JavaThread "HttpClient-5-SelectorManager" daemon [_thread_in_native, id=16492, stack(0x0000006c19400000,0x0000006c19500000) (1024K)]
Total: 21

Other Threads:
=>0x0000022bfec9e9e0 VMThread "VM Thread"                           [id=25040, stack(0x0000006c18a00000,0x0000006c18b00000) (1024K)]
  0x0000022bfec9f4c0 WorkerThread "GC Thread#0"                     [id=10196, stack(0x0000006c18400000,0x0000006c18500000) (1024K)]
  0x0000022bea474390 WorkerThread "GC Thread#1"                     [id=24220, stack(0x0000006c19a00000,0x0000006c19b00000) (1024K)]
  0x0000022bea473170 WorkerThread "GC Thread#2"                     [id=23488, stack(0x0000006c19b00000,0x0000006c19c00000) (1024K)]
  0x0000022bea471f50 WorkerThread "GC Thread#3"                     [id=30516, stack(0x0000006c1a000000,0x0000006c1a100000) (1024K)]
  0x0000022bea470d30 WorkerThread "GC Thread#4"                     [id=20216, stack(0x0000006c1a100000,0x0000006c1a200000) (1024K)]
  0x0000022bea471810 WorkerThread "GC Thread#5"                     [id=11816, stack(0x0000006c1a200000,0x0000006c1a300000) (1024K)]
  0x0000022bea4710d0 WorkerThread "GC Thread#6"                     [id=18232, stack(0x0000006c1a300000,0x0000006c1a400000) (1024K)]
  0x0000022bea4722f0 WorkerThread "GC Thread#7"                     [id=6088, stack(0x0000006c1a400000,0x0000006c1a500000) (1024K)]
  0x0000022bea472690 WorkerThread "GC Thread#8"                     [id=21656, stack(0x0000006c1a500000,0x0000006c1a600000) (1024K)]
  0x0000022bea473510 WorkerThread "GC Thread#9"                     [id=6596, stack(0x0000006c1a600000,0x0000006c1a700000) (1024K)]
  0x0000022beca80d70 WorkerThread "GC Thread#10"                    [id=9836, stack(0x0000006c1c300000,0x0000006c1c400000) (1024K)]
  0x0000022beca7fb50 WorkerThread "GC Thread#11"                    [id=24872, stack(0x0000006c1c400000,0x0000006c1c500000) (1024K)]
  0x0000022beca7d710 WorkerThread "GC Thread#12"                    [id=10928, stack(0x0000006c1c500000,0x0000006c1c600000) (1024K)]
  0x0000022bfec9ed80 WorkerThread "GC Thread#13"                    [id=11888, stack(0x0000006c1c600000,0x0000006c1c700000) (1024K)]
  0x0000022bf1761220 WorkerThread "GC Thread#14"                    [id=5824, stack(0x0000006c1c700000,0x0000006c1c800000) (1024K)]
  0x0000022b89d29af0 ConcurrentGCThread "G1 Main Marker"            terminated
  0x0000022bfec9db60 WorkerThread "G1 Conc#0"                       [id=30272, stack(0x0000006c18600000,0x0000006c18700000) (1024K)]
  0x0000022bf17603a0 WorkerThread "G1 Conc#1"                       [id=28108, stack(0x0000006c1c000000,0x0000006c1c100000) (1024K)]
  0x0000022bf1760e80 WorkerThread "G1 Conc#2"                       [id=27204, stack(0x0000006c1c100000,0x0000006c1c200000) (1024K)]
  0x0000022bea73bae0 WorkerThread "G1 Conc#3"                       [id=4296, stack(0x0000006c1c200000,0x0000006c1c300000) (1024K)]
  0x0000022b89dec040 ConcurrentGCThread "G1 Refine#0"               terminated
  0x0000022b89decac0 ConcurrentGCThread "G1 Service"                terminated
Total: 23

Threads with active compile tasks:
Total: 0

VM state: at safepoint (shutting down)

VM Mutex/Monitor currently owned by a thread:  ([mutex/lock_event])
[0x00007fffaa78e320] Threads_lock - owner thread: 0x0000022bfec9e9e0
[0x00007fffaa78e420] Heap_lock - owner thread: 0x0000022bea822060

Heap address: 0x0000000684400000, size: 6076 MB, Compressed Oops mode: Zero based, Oop shift amount: 3

CDS archive(s) mapped at: [0x0000022ba5000000-0x0000022ba5c80000-0x0000022ba5c80000), size 13107200, SharedBaseAddress: 0x0000022ba5000000, ArchiveRelocationMode: 1.
Compressed class space mapped at: 0x0000022ba6000000-0x0000022be6000000, reserved size: 1073741824
Narrow klass base: 0x0000022ba5000000, Narrow klass shift: 0, Narrow klass range: 0x100000000

GC Precious Log:
 CardTable entry size: 512
 Card Set container configuration: InlinePtr #cards 4 size 8 Array Of Cards #cards 32 size 80 Howl #buckets 8 coarsen threshold 7372 Howl Bitmap #cards 1024 size 144 coarsen threshold 921 Card regions per heap region 1 cards per card region 8192
 CPUs: 20 total, 20 available
 Memory: 24299M
 Large Page Support: Disabled
 NUMA Support: Disabled
 Compressed Oops: Enabled (Zero based)
 Heap Region Size: 4M
 Heap Min Capacity: 8M
 Heap Initial Capacity: 380M
 Heap Max Capacity: 6076M
 Pre-touch: Disabled
 Parallel Workers: 15
 Concurrent Workers: 4
 Concurrent Refinement Workers: 15
 Periodic GC: Disabled

Heap:
 garbage-first heap   total 73728K, used 43904K [0x0000000684400000, 0x0000000800000000)
  region size 4096K, 9 young (36864K), 2 survivors (8192K)
 Metaspace       used 31684K, committed 32192K, reserved 1114112K
  class space    used 4315K, committed 4544K, reserved 1048576K

Heap Regions: E=young(eden), S=young(survivor), O=old, HS=humongous(starts), HC=humongous(continues), CS=collection set, F=free, TAMS=top-at-mark-start, PB=parsable bottom
|   0|0x0000000684400000, 0x0000000684800000, 0x0000000684800000|100%|HS|  |TAMS 0x0000000684400000| PB 0x0000000684400000| Complete 
|   1|0x0000000684800000, 0x0000000684c00000, 0x0000000684c00000|100%| O|  |TAMS 0x0000000684800000| PB 0x0000000684800000| Untracked 
|   2|0x0000000684c00000, 0x0000000685000000, 0x0000000685000000|100%| O|  |TAMS 0x0000000684c00000| PB 0x0000000684c00000| Untracked 
|   3|0x0000000685000000, 0x0000000685130410, 0x0000000685400000| 29%| O|  |TAMS 0x0000000685000000| PB 0x0000000685000000| Untracked 
|   4|0x0000000685400000, 0x0000000685400000, 0x0000000685800000|  0%| F|  |TAMS 0x0000000685400000| PB 0x0000000685400000| Untracked 
|   5|0x0000000685800000, 0x0000000685800000, 0x0000000685c00000|  0%| F|  |TAMS 0x0000000685800000| PB 0x0000000685800000| Untracked 
|   6|0x0000000685c00000, 0x0000000685daff80, 0x0000000686000000| 42%| S|CS|TAMS 0x0000000685c00000| PB 0x0000000685c00000| Complete 
|   7|0x0000000686000000, 0x0000000686400000, 0x0000000686400000|100%| S|CS|TAMS 0x0000000686000000| PB 0x0000000686000000| Complete 
|   8|0x0000000686400000, 0x0000000686400000, 0x0000000686800000|  0%| F|  |TAMS 0x0000000686400000| PB 0x0000000686400000| Untracked 
|   9|0x0000000686800000, 0x0000000686800000, 0x0000000686c00000|  0%| F|  |TAMS 0x0000000686800000| PB 0x0000000686800000| Untracked 
|  10|0x0000000686c00000, 0x0000000686c00000, 0x0000000687000000|  0%| F|  |TAMS 0x0000000686c00000| PB 0x0000000686c00000| Untracked 
|  11|0x0000000687000000, 0x00000006871a9e58, 0x0000000687400000| 41%| E|  |TAMS 0x0000000687000000| PB 0x0000000687000000| Complete 
|  12|0x0000000687400000, 0x0000000687800000, 0x0000000687800000|100%| E|CS|TAMS 0x0000000687400000| PB 0x0000000687400000| Complete 
|  79|0x0000000698000000, 0x0000000698400000, 0x0000000698400000|100%| E|CS|TAMS 0x0000000698000000| PB 0x0000000698000000| Complete 
|  80|0x0000000698400000, 0x0000000698800000, 0x0000000698800000|100%| E|CS|TAMS 0x0000000698400000| PB 0x0000000698400000| Complete 
|  81|0x0000000698800000, 0x0000000698c00000, 0x0000000698c00000|100%| E|CS|TAMS 0x0000000698800000| PB 0x0000000698800000| Complete 
|  93|0x000000069b800000, 0x000000069bc00000, 0x000000069bc00000|100%| E|CS|TAMS 0x000000069b800000| PB 0x000000069b800000| Complete 
|  94|0x000000069bc00000, 0x000000069c000000, 0x000000069c000000|100%| E|CS|TAMS 0x000000069bc00000| PB 0x000000069bc00000| Complete 

Card table byte_map: [0x0000022b9ab00000,0x0000022b9b6e0000] _byte_map_base: 0x0000022b976de000

Marking Bits: (CMBitMap*) 0x0000022b89d1a510
 Bits: [0x0000022b9b6e0000, 0x0000022ba15d0000)

Polling page: 0x0000022bfefd0000

Metaspace:

Usage:
  Non-class:     26.73 MB used.
      Class:      4.21 MB used.
       Both:     30.94 MB used.

Virtual space:
  Non-class space:       64.00 MB reserved,      27.00 MB ( 42%) committed,  1 nodes.
      Class space:        1.00 GB reserved,       4.44 MB ( <1%) committed,  1 nodes.
             Both:        1.06 GB reserved,      31.44 MB (  3%) committed. 

Chunk freelists:
   Non-Class:  4.39 MB
       Class:  11.58 MB
        Both:  15.97 MB

MaxMetaspaceSize: unlimited
CompressedClassSpaceSize: 1.00 GB
Initial GC threshold: 21.00 MB
Current GC threshold: 35.12 MB
CDS: on
 - commit_granule_bytes: 65536.
 - commit_granule_words: 8192.
 - virtual_space_node_default_size: 8388608.
 - enlarge_chunks_in_place: 1.
 - use_allocation_guard: 0.


Internal statistics:

num_allocs_failed_limit: 3.
num_arena_births: 670.
num_arena_deaths: 0.
num_vsnodes_births: 2.
num_vsnodes_deaths: 0.
num_space_committed: 503.
num_space_uncommitted: 0.
num_chunks_returned_to_freelist: 3.
num_chunks_taken_from_freelist: 1600.
num_chunk_merges: 3.
num_chunk_splits: 1084.
num_chunks_enlarged: 738.
num_inconsistent_stats: 0.

CodeHeap 'non-profiled nmethods': size=119168Kb used=3905Kb max_used=3905Kb free=115262Kb
 bounds [0x0000022b919e0000, 0x0000022b91dc0000, 0x0000022b98e40000]
CodeHeap 'profiled nmethods': size=119104Kb used=15123Kb max_used=15123Kb free=103981Kb
 bounds [0x0000022b89e40000, 0x0000022b8ad10000, 0x0000022b91290000]
CodeHeap 'non-nmethods': size=7488Kb used=1988Kb max_used=3728Kb free=5500Kb
 bounds [0x0000022b91290000, 0x0000022b916b0000, 0x0000022b919e0000]
 total_blobs=6691 nmethods=5783 adapters=811
 compilation: enabled
              stopped_count=0, restarted_count=0
 full_count=0

Compilation events (20 events):
Event: 36.635 Thread 0x0000022ba47c7fd0 5754       3       javafx.beans.WeakInvalidationListener::invalidated (33 bytes)
Event: 36.636 Thread 0x0000022ba47c7fd0 nmethod 5754 0x0000022b8ad02a90 code [0x0000022b8ad02c80, 0x0000022b8ad03180]
Event: 36.642 Thread 0x0000022ba47c7200 5755       4       com.sun.javafx.geom.RectBounds::makeEmpty (23 bytes)
Event: 36.642 Thread 0x0000022ba47c7200 nmethod 5755 0x0000022b91da1610 code [0x0000022b91da17a0, 0x0000022b91da1840]
Event: 36.644 Thread 0x0000022ba47c7fd0 5756       3       java.lang.invoke.Invokers$Holder::linkToTargetMethod (13 bytes)
Event: 36.644 Thread 0x0000022ba47c7fd0 nmethod 5756 0x0000022b8ad03390 code [0x0000022b8ad03560, 0x0000022b8ad039b8]
Event: 36.644 Thread 0x0000022ba47c7fd0 5757       3       java.lang.invoke.LambdaForm$DMH/0x0000022ba6092800::newInvokeSpecial (30 bytes)
Event: 36.644 Thread 0x0000022ba47c7fd0 nmethod 5757 0x0000022b8ad03b10 code [0x0000022b8ad03d00, 0x0000022b8ad044c0]
Event: 36.800 Thread 0x0000022ba47c7fd0 5758       3       com.sun.javafx.util.Utils::clamp (20 bytes)
Event: 36.800 Thread 0x0000022ba47c7fd0 nmethod 5758 0x0000022b8ad04790 code [0x0000022b8ad04940, 0x0000022b8ad04af0]
Event: 36.865 Thread 0x0000022ba47c7fd0 5759       1       com.sun.javafx.scene.control.inputmap.InputMap$Mapping::getEventHandler (5 bytes)
Event: 36.865 Thread 0x0000022ba47c7200 5760       4       java.lang.invoke.MemberName::getMethodOrFieldType (72 bytes)
Event: 36.865 Thread 0x0000022ba47c7fd0 nmethod 5759 0x0000022b91da1910 code [0x0000022b91da1aa0, 0x0000022b91da1b70]
Event: 36.868 Thread 0x0000022ba47c7200 nmethod 5760 0x0000022b91da1c10 code [0x0000022b91da1ee0, 0x0000022b91da2830]
Event: 98.089 Thread 0x0000022ba47c7200 5784       4       com.sun.javafx.tk.quantum.QuantumToolkit::postPulse (133 bytes)
Event: 98.127 Thread 0x0000022ba47c7200 nmethod 5784 0x0000022b91da7a90 code [0x0000022b91da7ea0, 0x0000022b91daa6e0]
Event: 98.128 Thread 0x0000022ba47c7200 5785       4       com.sun.javafx.tk.quantum.QuantumToolkit$$Lambda/0x0000022ba6085498::run (8 bytes)
Event: 98.128 Thread 0x0000022ba47c7200 nmethod 5785 0x0000022b91dafd90 code [0x0000022b91daff40, 0x0000022b91db0058]
Event: 110.787 Thread 0x0000022ba47c7fd0 5786       1       java.util.logging.Logger::getName (5 bytes)
Event: 110.787 Thread 0x0000022ba47c7fd0 nmethod 5786 0x0000022b91db0210 code [0x0000022b91db03a0, 0x0000022b91db0470]

GC Heap History (10 events):
Event: 0.550 GC heap before
{Heap before GC invocations=0 (full 0):
 garbage-first heap   total 389120K, used 20480K [0x0000000684400000, 0x0000000800000000)
  region size 4096K, 5 young (20480K), 0 survivors (0K)
 Metaspace       used 3501K, committed 3712K, reserved 1114112K
  class space    used 344K, committed 448K, reserved 1048576K
}
Event: 0.553 GC heap after
{Heap after GC invocations=1 (full 0):
 garbage-first heap   total 389120K, used 2287K [0x0000000684400000, 0x0000000800000000)
  region size 4096K, 1 young (4096K), 1 survivors (4096K)
 Metaspace       used 3501K, committed 3712K, reserved 1114112K
  class space    used 344K, committed 448K, reserved 1048576K
}
Event: 1.081 GC heap before
{Heap before GC invocations=1 (full 0):
 garbage-first heap   total 389120K, used 35055K [0x0000000684400000, 0x0000000800000000)
  region size 4096K, 10 young (40960K), 1 survivors (4096K)
 Metaspace       used 12066K, committed 12416K, reserved 1114112K
  class space    used 1571K, committed 1728K, reserved 1048576K
}
Event: 1.086 GC heap after
{Heap after GC invocations=2 (full 0):
 garbage-first heap   total 389120K, used 6218K [0x0000000684400000, 0x0000000800000000)
  region size 4096K, 2 young (8192K), 2 survivors (8192K)
 Metaspace       used 12066K, committed 12416K, reserved 1114112K
  class space    used 1571K, committed 1728K, reserved 1048576K
}
Event: 22.271 GC heap before
{Heap before GC invocations=2 (full 0):
 garbage-first heap   total 389120K, used 51274K [0x0000000684400000, 0x0000000800000000)
  region size 4096K, 13 young (53248K), 2 survivors (8192K)
 Metaspace       used 21140K, committed 21504K, reserved 1114112K
  class space    used 2879K, committed 3072K, reserved 1048576K
}
Event: 22.276 GC heap after
{Heap after GC invocations=3 (full 0):
 garbage-first heap   total 389120K, used 13915K [0x0000000684400000, 0x0000000800000000)
  region size 4096K, 3 young (12288K), 3 survivors (12288K)
 Metaspace       used 21140K, committed 21504K, reserved 1114112K
  class space    used 2879K, committed 3072K, reserved 1048576K
}
Event: 23.842 GC heap before
{Heap before GC invocations=4 (full 0):
 garbage-first heap   total 57344K, used 54875K [0x0000000684400000, 0x0000000800000000)
  region size 4096K, 13 young (53248K), 3 survivors (12288K)
 Metaspace       used 27915K, committed 28352K, reserved 1114112K
  class space    used 3808K, committed 4032K, reserved 1048576K
}
Event: 23.849 GC heap after
{Heap after GC invocations=5 (full 0):
 garbage-first heap   total 73728K, used 18452K [0x0000000684400000, 0x0000000800000000)
  region size 4096K, 4 young (16384K), 4 survivors (16384K)
 Metaspace       used 27915K, committed 28352K, reserved 1114112K
  class space    used 3808K, committed 4032K, reserved 1048576K
}
Event: 27.157 GC heap before
{Heap before GC invocations=5 (full 0):
 garbage-first heap   total 73728K, used 43028K [0x0000000684400000, 0x0000000800000000)
  region size 4096K, 10 young (40960K), 4 survivors (16384K)
 Metaspace       used 30444K, committed 30848K, reserved 1114112K
  class space    used 4229K, committed 4416K, reserved 1048576K
}
Event: 27.163 GC heap after
{Heap after GC invocations=6 (full 0):
 garbage-first heap   total 73728K, used 19328K [0x0000000684400000, 0x0000000800000000)
  region size 4096K, 2 young (8192K), 2 survivors (8192K)
 Metaspace       used 30444K, committed 30848K, reserved 1114112K
  class space    used 4229K, committed 4416K, reserved 1048576K
}

Dll operation events (20 events):
Event: 0.470 Loaded shared library C:\Users\Serein\.openjfx\cache\21+31\amd64\api-ms-win-crt-multibyte-l1-1-0.dll
Event: 0.475 Loaded shared library C:\Users\Serein\.openjfx\cache\21+31\amd64\api-ms-win-crt-private-l1-1-0.dll
Event: 0.479 Loaded shared library C:\Users\Serein\.openjfx\cache\21+31\amd64\api-ms-win-crt-process-l1-1-0.dll
Event: 0.483 Loaded shared library C:\Users\Serein\.openjfx\cache\21+31\amd64\api-ms-win-crt-runtime-l1-1-0.dll
Event: 0.487 Loaded shared library C:\Users\Serein\.openjfx\cache\21+31\amd64\api-ms-win-crt-stdio-l1-1-0.dll
Event: 0.492 Loaded shared library C:\Users\Serein\.openjfx\cache\21+31\amd64\api-ms-win-crt-string-l1-1-0.dll
Event: 0.496 Loaded shared library C:\Users\Serein\.openjfx\cache\21+31\amd64\api-ms-win-crt-time-l1-1-0.dll
Event: 0.499 Loaded shared library C:\Users\Serein\.openjfx\cache\21+31\amd64\api-ms-win-crt-utility-l1-1-0.dll
Event: 0.512 Loaded shared library C:\Users\Serein\.openjfx\cache\21+31\amd64\ucrtbase.dll
Event: 0.516 Loaded shared library C:\Users\Serein\.openjfx\cache\21+31\amd64\vcruntime140.dll
Event: 0.519 Loaded shared library C:\Users\Serein\.openjfx\cache\21+31\amd64\vcruntime140_1.dll
Event: 0.526 Loaded shared library C:\Users\Serein\.openjfx\cache\21+31\amd64\msvcp140.dll
Event: 0.530 Loaded shared library C:\Users\Serein\.openjfx\cache\21+31\amd64\msvcp140_1.dll
Event: 0.534 Loaded shared library C:\Users\Serein\.openjfx\cache\21+31\amd64\msvcp140_2.dll
Event: 0.578 Loaded shared library C:\Users\Serein\.openjfx\cache\21+31\amd64\prism_d3d.dll
Event: 0.654 Loaded shared library C:\Users\Serein\.openjfx\cache\21+31\amd64\glass.dll
Event: 0.822 Loaded shared library C:\Users\Serein\.jdks\corretto-21.0.6\bin\jimage.dll
Event: 0.945 Loaded shared library C:\Users\Serein\.openjfx\cache\21+31\amd64\javafx_iio.dll
Event: 0.996 Loaded shared library C:\Users\Serein\.openjfx\cache\21+31\amd64\javafx_font.dll
Event: 22.358 Loaded shared library C:\Users\Serein\.jdks\corretto-21.0.6\bin\sunmscapi.dll

Deoptimization events (20 events):
Event: 30.965 Thread 0x0000022beb44ae80 Uncommon trap: trap_request=0xffffffd6 fr.pc=0x0000022b91d7032c relative=0x000000000000052c
Event: 30.965 Thread 0x0000022beb44ae80 Uncommon trap: reason=array_check action=maybe_recompile pc=0x0000022b91d7032c method=com.sun.prism.impl.ps.BaseShaderContext.setTexture(ILcom/sun/prism/Texture;)V @ 50 c2
Event: 30.965 Thread 0x0000022beb44ae80 DEOPT PACKING pc=0x0000022b91d7032c sp=0x0000006c199fd580
Event: 30.965 Thread 0x0000022beb44ae80 DEOPT UNPACKING pc=0x0000022b912e46a2 sp=0x0000006c199fd558 mode 2
Event: 30.965 Thread 0x0000022beb44ae80 Uncommon trap: trap_request=0xffffffd6 fr.pc=0x0000022b91d7032c relative=0x000000000000052c
Event: 30.965 Thread 0x0000022beb44ae80 Uncommon trap: reason=array_check action=maybe_recompile pc=0x0000022b91d7032c method=com.sun.prism.impl.ps.BaseShaderContext.setTexture(ILcom/sun/prism/Texture;)V @ 50 c2
Event: 30.965 Thread 0x0000022beb44ae80 DEOPT PACKING pc=0x0000022b91d7032c sp=0x0000006c199fd580
Event: 30.965 Thread 0x0000022beb44ae80 DEOPT UNPACKING pc=0x0000022b912e46a2 sp=0x0000006c199fd558 mode 2
Event: 30.965 Thread 0x0000022beb44ae80 Uncommon trap: trap_request=0xffffffd6 fr.pc=0x0000022b91d7032c relative=0x000000000000052c
Event: 30.965 Thread 0x0000022beb44ae80 Uncommon trap: reason=array_check action=maybe_recompile pc=0x0000022b91d7032c method=com.sun.prism.impl.ps.BaseShaderContext.setTexture(ILcom/sun/prism/Texture;)V @ 50 c2
Event: 30.965 Thread 0x0000022beb44ae80 DEOPT PACKING pc=0x0000022b91d7032c sp=0x0000006c199fd260
Event: 30.965 Thread 0x0000022beb44ae80 DEOPT UNPACKING pc=0x0000022b912e46a2 sp=0x0000006c199fd238 mode 2
Event: 30.965 Thread 0x0000022beb44ae80 Uncommon trap: trap_request=0xffffffd6 fr.pc=0x0000022b91d7032c relative=0x000000000000052c
Event: 30.965 Thread 0x0000022beb44ae80 Uncommon trap: reason=array_check action=maybe_recompile pc=0x0000022b91d7032c method=com.sun.prism.impl.ps.BaseShaderContext.setTexture(ILcom/sun/prism/Texture;)V @ 50 c2
Event: 30.965 Thread 0x0000022beb44ae80 DEOPT PACKING pc=0x0000022b91d7032c sp=0x0000006c199fd260
Event: 30.965 Thread 0x0000022beb44ae80 DEOPT UNPACKING pc=0x0000022b912e46a2 sp=0x0000006c199fd238 mode 2
Event: 110.787 Thread 0x0000022beb44ae80 DEOPT PACKING pc=0x0000022b8a3a9914 sp=0x0000006c199ff080
Event: 110.787 Thread 0x0000022beb44ae80 DEOPT UNPACKING pc=0x0000022b912e4e42 sp=0x0000006c199fe5b8 mode 1
Event: 110.788 Thread 0x0000022bea8247c0 DEOPT PACKING pc=0x0000022b8a0db0dc sp=0x0000006c181ff030
Event: 110.788 Thread 0x0000022bea8247c0 DEOPT UNPACKING pc=0x0000022b912e4e42 sp=0x0000006c181fe490 mode 1

Classes loaded (20 events):
Event: 30.215 Loading class com/sun/prism/PixelSource
Event: 30.215 Loading class com/sun/prism/PixelSource done
Event: 31.175 Loading class com/sun/javafx/tk/quantum/WindowStage
Event: 31.175 Loading class com/sun/javafx/tk/quantum/WindowStage done
Event: 32.726 Loading class com/sun/javafx/tk/quantum/GlassViewEventHandler
Event: 32.726 Loading class com/sun/javafx/tk/quantum/GlassViewEventHandler done
Event: 36.370 Loading class com/sun/javafx/tk/quantum/GlassViewEventHandler
Event: 36.370 Loading class com/sun/javafx/tk/quantum/GlassViewEventHandler done
Event: 36.370 Loading class com/sun/glass/ui/ClipboardAssistance
Event: 36.370 Loading class com/sun/glass/ui/ClipboardAssistance done
Event: 36.385 Loading class com/sun/javafx/tk/quantum/GlassSceneDnDEventHandler
Event: 36.385 Loading class com/sun/javafx/tk/quantum/GlassSceneDnDEventHandler done
Event: 36.385 Loading class com/sun/glass/ui/ClipboardAssistance
Event: 36.385 Loading class com/sun/glass/ui/ClipboardAssistance done
Event: 110.786 Loading class jdk/internal/misc/Signal$1
Event: 110.786 Loading class jdk/internal/misc/Signal$1 done
Event: 110.787 Loading class com/sun/javafx/tk/quantum/QuantumRenderer
Event: 110.787 Loading class com/sun/javafx/tk/quantum/QuantumRenderer done
Event: 110.787 Loading class com/sun/javafx/tk/quantum/QuantumToolkit
Event: 110.787 Loading class com/sun/javafx/tk/quantum/QuantumToolkit done

Classes unloaded (0 events):
No events

Classes redefined (1 events):
Event: 0.247 Thread 0x0000022bfec9e9e0 redefined class name=java.lang.Throwable, count=1

Internal exceptions (20 events):
Event: 22.221 Thread 0x0000022beb727580 Exception <a 'java/lang/NoSuchMethodError'{0x0000000699a67058}: 'int java.lang.invoke.DirectMethodHandle$Holder.invokeStatic(java.lang.Object, java.lang.Object, java.lang.Object, java.lang.Object)'> (0x0000000699a67058) 
thrown [s\src\hotspot\share\interpreter\linkResolver.cpp, line 773]
Event: 22.247 Thread 0x0000022beb727580 Exception <a 'sun/nio/fs/WindowsException'{0x0000000698c98e38}> (0x0000000698c98e38) 
thrown [s\src\hotspot\share\prims\jni.cpp, line 520]
Event: 22.251 Thread 0x0000022beb727580 Exception <a 'sun/nio/fs/WindowsException'{0x0000000698cb9f50}> (0x0000000698cb9f50) 
thrown [s\src\hotspot\share\prims\jni.cpp, line 520]
Event: 22.322 Thread 0x0000022beb727580 Exception <a 'java/lang/NoSuchMethodError'{0x00000006861706a8}: 'java.lang.Object java.lang.invoke.DirectMethodHandle$Holder.invokeStaticInit(java.lang.Object, int, int, int, int)'> (0x00000006861706a8) 
thrown [s\src\hotspot\share\interpreter\linkResolver.cpp, line 773]
Event: 22.340 Thread 0x0000022beb727580 Exception <a 'java/lang/NoSuchMethodError'{0x000000068624fec8}: 'java.lang.Object java.lang.invoke.DirectMethodHandle$Holder.invokeStaticInit(java.lang.Object, java.lang.Object, int, int, int, int)'> (0x000000068624fec8) 
thrown [s\src\hotspot\share\interpreter\linkResolver.cpp, line 773]
Event: 22.376 Thread 0x0000022beb727580 Exception <a 'sun/nio/fs/WindowsException'{0x00000006863f6030}> (0x00000006863f6030) 
thrown [s\src\hotspot\share\prims\jni.cpp, line 520]
Event: 22.382 Thread 0x0000022beb727580 Exception <a 'java/lang/ClassNotFoundException'{0x0000000685ca0780}: jdk/net/ExtendedSocketOptions> (0x0000000685ca0780) 
thrown [s\src\hotspot\share\classfile\systemDictionary.cpp, line 312]
Event: 22.400 Thread 0x0000022beb727580 Exception <a 'sun/nio/fs/WindowsException'{0x0000000685da6c18}> (0x0000000685da6c18) 
thrown [s\src\hotspot\share\prims\jni.cpp, line 520]
Event: 22.407 Thread 0x0000022beb727580 Exception <a 'java/lang/NoSuchMethodError'{0x0000000685df4ef0}: 'java.lang.Object java.lang.invoke.DirectMethodHandle$Holder.invokeSpecial(java.lang.Object, java.lang.Object, java.lang.Object, java.lang.Object, int)'> (0x0000000685df4ef0) 
thrown [s\src\hotspot\share\interpreter\linkResolver.cpp, line 773]
Event: 22.407 Thread 0x0000022beb727580 Exception <a 'java/lang/NoSuchMethodError'{0x0000000685df8948}: 'java.lang.Object java.lang.invoke.Invokers$Holder.linkToTargetMethod(java.lang.Object, java.lang.Object, int, java.lang.Object)'> (0x0000000685df8948) 
thrown [s\src\hotspot\share\interpreter\linkResolver.cpp, line 773]
Event: 22.422 Thread 0x0000022bf181d800 Exception <a 'java/lang/NoSuchMethodError'{0x0000000685e9fd18}: 'void java.lang.invoke.DirectMethodHandle$Holder.invokeStatic(java.lang.Object, java.lang.Object, int)'> (0x0000000685e9fd18) 
thrown [s\src\hotspot\share\interpreter\linkResolver.cpp, line 773]
Event: 23.132 Thread 0x0000022bf181bdc0 Exception <a 'java/lang/NoSuchMethodError'{0x000000068586ea98}: 'java.lang.Object java.lang.invoke.DirectMethodHandle$Holder.newInvokeSpecial(java.lang.Object, java.lang.Object, long, java.lang.Object, java.lang.Object, java.lang.Object)'> (0x000000068586ea98) 
thrown [s\src\hotspot\share\interpreter\linkResolver.cpp, line 773]
Event: 23.135 Thread 0x0000022bf181bdc0 Exception <a 'java/lang/NoSuchMethodError'{0x0000000685889da0}: 'void java.lang.invoke.DirectMethodHandle$Holder.invokeSpecial(java.lang.Object, java.lang.Object, java.lang.Object, java.lang.Object, java.lang.Object, java.lang.Object, java.lang.Object)'> (0x0000000685889da0) 
thrown [s\src\hotspot\share\interpreter\linkResolver.cpp, line 773]
Event: 23.767 Thread 0x0000022beb727580 Exception <a 'java/lang/NoSuchMethodError'{0x0000000684d158f8}: 'void java.lang.invoke.DirectMethodHandle$Holder.invokeSpecialIFC(java.lang.Object, java.lang.Object, java.lang.Object, java.lang.Object)'> (0x0000000684d158f8) 
thrown [s\src\hotspot\share\interpreter\linkResolver.cpp, line 773]
Event: 27.351 Thread 0x0000022beb44ae80 Exception <a 'java/lang/NoSuchMethodError'{0x0000000698608760}: 'java.lang.Object java.lang.invoke.DirectMethodHandle$Holder.invokeStaticInit(java.lang.Object, int)'> (0x0000000698608760) 
thrown [s\src\hotspot\share\interpreter\linkResolver.cpp, line 773]
Event: 36.378 Thread 0x0000022beb727580 Exception <a 'java/lang/NoSuchMethodError'{0x00000006876a6998}: 'java.lang.Object java.lang.invoke.DirectMethodHandle$Holder.newInvokeSpecial(java.lang.Object, java.lang.Object, int, int, int, int, int, java.lang.Object)'> (0x00000006876a6998) 
thrown [s\src\hotspot\share\interpreter\linkResolver.cpp, line 773]
Event: 36.386 Thread 0x0000022beb727580 Exception <a 'java/lang/NoSuchMethodError'{0x00000006876ce670}: 'java.lang.Object java.lang.invoke.DirectMethodHandle$Holder.newInvokeSpecial(java.lang.Object, java.lang.Object, java.lang.Object, int, int, int, int, int)'> (0x00000006876ce670) 
thrown [s\src\hotspot\share\interpreter\linkResolver.cpp, line 773]
Event: 36.388 Thread 0x0000022beb727580 Exception <a 'java/lang/NoSuchMethodError'{0x00000006876d5fa0}: 'java.lang.Object java.lang.invoke.Invokers$Holder.linkToTargetMethod(java.lang.Object, java.lang.Object, int, int, int, int, int, java.lang.Object)'> (0x00000006876d5fa0) 
thrown [s\src\hotspot\share\interpreter\linkResolver.cpp, line 773]
Event: 49.072 Thread 0x0000022beb727580 Exception <a 'java/lang/NoSuchMethodError'{0x00000006877b1458}: 'java.lang.Object java.lang.invoke.DirectMethodHandle$Holder.invokeSpecial(java.lang.Object, java.lang.Object, double, double)'> (0x00000006877b1458) 
thrown [s\src\hotspot\share\interpreter\linkResolver.cpp, line 773]
Event: 49.074 Thread 0x0000022beb727580 Exception <a 'java/lang/NoSuchMethodError'{0x00000006877b5300}: 'java.lang.Object java.lang.invoke.Invokers$Holder.linkToTargetMethod(double, double, java.lang.Object)'> (0x00000006877b5300) 
thrown [s\src\hotspot\share\interpreter\linkResolver.cpp, line 773]

ZGC Phase Switch (0 events):
No events

VM Operations (20 events):
Event: 98.090 Executing VM operation: ChangeSingleStep done
Event: 98.090 Executing VM operation: ChangeSingleStep
Event: 98.090 Executing VM operation: ChangeSingleStep done
Event: 98.091 Executing VM operation: ChangeSingleStep
Event: 98.091 Executing VM operation: ChangeSingleStep done
Event: 98.097 Executing VM operation: get/set locals
Event: 98.097 Executing VM operation: get/set locals done
Event: 98.097 Executing VM operation: get/set locals
Event: 98.097 Executing VM operation: get/set locals done
Event: 98.117 Executing VM operation: get/set locals
Event: 98.117 Executing VM operation: get/set locals done
Event: 110.748 Executing VM operation: ChangeBreakpoints
Event: 110.748 Executing VM operation: ChangeBreakpoints done
Event: 110.748 Executing VM operation: ChangeBreakpoints
Event: 110.748 Executing VM operation: ChangeBreakpoints done
Event: 110.748 Executing VM operation: ChangeBreakpoints
Event: 110.748 Executing VM operation: ChangeBreakpoints done
Event: 110.748 Executing VM operation: ChangeBreakpoints
Event: 110.748 Executing VM operation: ChangeBreakpoints done
Event: 110.788 Executing VM operation: Exit

Memory protections (0 events):
No events

Nmethod flushes (0 events):
No events

Events (20 events):
Event: 29.290 Thread 0x0000022bfba329d0 Thread exited: 0x0000022bfba329d0
Event: 29.357 Thread 0x0000022bfba352b0 Thread exited: 0x0000022bfba352b0
Event: 30.205 Thread 0x0000022beadf54d0 Thread added: 0x0000022bfba352b0
Event: 30.430 Thread 0x0000022bfba352b0 Thread exited: 0x0000022bfba352b0
Event: 31.974 Thread 0x0000022beadf54d0 Thread exited: 0x0000022beadf54d0
Event: 32.496 Thread 0x0000022beadf32c0 Thread exited: 0x0000022beadf32c0
Event: 32.496 Thread 0x0000022beaa939e0 Thread exited: 0x0000022beaa939e0
Event: 98.088 Thread 0x0000022bf181d170 Thread exited: 0x0000022bf181d170
Event: 98.089 Thread 0x0000022bf181bdc0 Thread exited: 0x0000022bf181bdc0
Event: 98.089 Thread 0x0000022bf181cae0 Thread exited: 0x0000022bf181cae0
Event: 110.748 Thread 0x0000022bead59370 Thread exited: 0x0000022bead59370
Event: 110.751 Thread 0x0000022bead7a1b0 Thread exited: 0x0000022bead7a1b0
Event: 110.786 Thread 0x0000022ba47b5f50 Thread added: 0x0000022bea822060
Event: 110.786 Thread 0x0000022bea822060 Thread added: 0x0000022bea8247c0
Event: 110.786 Thread 0x0000022bea822060 Thread added: 0x0000022bea8226f0
Event: 110.787 Thread 0x0000022beb727580 Thread added: 0x0000022bea825b70
Event: 110.787 Thread 0x0000022bea8226f0 Thread exited: 0x0000022bea8226f0
Event: 110.788 Thread 0x0000022bea8247c0 Thread exited: 0x0000022bea8247c0
Event: 110.788 Thread 0x0000022bea822060 Before exit entered
Event: 110.788 Thread 0x0000022ba47b5f50 Thread exited: 0x0000022ba47b5f50


Dynamic libraries:
0x00007ff731b80000 - 0x00007ff731b8e000 	C:\Users\Serein\.jdks\corretto-21.0.6\bin\java.exe
0x00007ff84b340000 - 0x00007ff84b5a6000 	C:\WINDOWS\SYSTEM32\ntdll.dll
0x00007ff849c30000 - 0x00007ff849cf9000 	C:\WINDOWS\System32\KERNEL32.DLL
0x00007ff848a10000 - 0x00007ff848ddc000 	C:\WINDOWS\System32\KERNELBASE.dll
0x00007ff8488c0000 - 0x00007ff848a0b000 	C:\WINDOWS\System32\ucrtbase.dll
0x00007ff842890000 - 0x00007ff8428a8000 	C:\Users\Serein\.jdks\corretto-21.0.6\bin\jli.dll
0x00007ff840ae0000 - 0x00007ff840afb000 	C:\Users\Serein\.jdks\corretto-21.0.6\bin\VCRUNTIME140.dll
0x00007ff84ac20000 - 0x00007ff84adea000 	C:\WINDOWS\System32\USER32.dll
0x00007ff848f60000 - 0x00007ff848f87000 	C:\WINDOWS\System32\win32u.dll
0x00007ff849100000 - 0x00007ff84912b000 	C:\WINDOWS\System32\GDI32.dll
0x00007ff848780000 - 0x00007ff8488b2000 	C:\WINDOWS\System32\gdi32full.dll
0x00007ff848f90000 - 0x00007ff849033000 	C:\WINDOWS\System32\msvcp_win.dll
0x00007ff82d9e0000 - 0x00007ff82dc7a000 	C:\WINDOWS\WinSxS\amd64_microsoft.windows.common-controls_6595b64144ccf1df_6.0.26100.3912_none_3e07963ce335137e\COMCTL32.dll
0x00007ff84b240000 - 0x00007ff84b2e9000 	C:\WINDOWS\System32\msvcrt.dll
0x00007ff8492e0000 - 0x00007ff849310000 	C:\WINDOWS\System32\IMM32.DLL
0x00007ff836a20000 - 0x00007ff836a2c000 	C:\Users\Serein\.jdks\corretto-21.0.6\bin\vcruntime140_1.dll
0x00007ff836990000 - 0x00007ff836a1d000 	C:\Users\Serein\.jdks\corretto-21.0.6\bin\msvcp140.dll
0x00007fffa9ad0000 - 0x00007fffaa86f000 	C:\Users\Serein\.jdks\corretto-21.0.6\bin\server\jvm.dll
0x00007ff84aab0000 - 0x00007ff84ab62000 	C:\WINDOWS\System32\ADVAPI32.dll
0x00007ff84ab70000 - 0x00007ff84ac16000 	C:\WINDOWS\System32\sechost.dll
0x00007ff849320000 - 0x00007ff849436000 	C:\WINDOWS\System32\RPCRT4.dll
0x00007ff84a9d0000 - 0x00007ff84aa44000 	C:\WINDOWS\System32\WS2_32.dll
0x00007ff847120000 - 0x00007ff84717e000 	C:\WINDOWS\SYSTEM32\POWRPROF.dll
0x00007ff83e740000 - 0x00007ff83e776000 	C:\WINDOWS\SYSTEM32\WINMM.dll
0x00007ff83e3f0000 - 0x00007ff83e3fb000 	C:\WINDOWS\SYSTEM32\VERSION.dll
0x00007ff847100000 - 0x00007ff847114000 	C:\WINDOWS\SYSTEM32\UMPDC.dll
0x00007ff8473b0000 - 0x00007ff8473ca000 	C:\WINDOWS\SYSTEM32\kernel.appcore.dll
0x00007ff836180000 - 0x00007ff83618a000 	C:\Users\Serein\.jdks\corretto-21.0.6\bin\jimage.dll
0x00007ff845c30000 - 0x00007ff845e71000 	C:\WINDOWS\SYSTEM32\DBGHELP.DLL
0x00007ff849490000 - 0x00007ff849814000 	C:\WINDOWS\System32\combase.dll
0x00007ff84b0a0000 - 0x00007ff84b180000 	C:\WINDOWS\System32\OLEAUT32.dll
0x00007ff82de90000 - 0x00007ff82dec9000 	C:\WINDOWS\SYSTEM32\dbgcore.DLL
0x00007ff848650000 - 0x00007ff8486e9000 	C:\WINDOWS\System32\bcryptPrimitives.dll
0x00007ff822d40000 - 0x00007ff822d7c000 	C:\Users\Serein\.jdks\corretto-21.0.6\bin\jdwp.dll
0x00007fffa9090000 - 0x00007fffa929e000 	C:\Users\Serein\AppData\Local\Temp\idea_libasyncProfiler_dll_temp_folder7\libasyncProfiler.dll
0x00007ff842f30000 - 0x00007ff842f3e000 	C:\Users\Serein\.jdks\corretto-21.0.6\bin\instrument.dll
0x00007ff836160000 - 0x00007ff83617f000 	C:\Users\Serein\.jdks\corretto-21.0.6\bin\java.dll
0x00007ff81dac0000 - 0x00007ff81dad8000 	C:\Users\Serein\.jdks\corretto-21.0.6\bin\zip.dll
0x00007ff849d10000 - 0x00007ff84a43d000 	C:\WINDOWS\System32\SHELL32.dll
0x00007ff848de0000 - 0x00007ff848f54000 	C:\WINDOWS\System32\wintypes.dll
0x00007ff8461a0000 - 0x00007ff8469f6000 	C:\WINDOWS\SYSTEM32\windows.storage.dll
0x00007ff84a8d0000 - 0x00007ff84a9bf000 	C:\WINDOWS\System32\SHCORE.dll
0x00007ff84b030000 - 0x00007ff84b099000 	C:\WINDOWS\System32\shlwapi.dll
0x00007ff8483e0000 - 0x00007ff84840f000 	C:\WINDOWS\SYSTEM32\profapi.dll
0x00007ff8083a0000 - 0x00007ff808477000 	C:\Users\Serein\.jdks\corretto-21.0.6\bin\jsvml.dll
0x00007ff836150000 - 0x00007ff836160000 	C:\Users\Serein\.jdks\corretto-21.0.6\bin\net.dll
0x00007ff83e2b0000 - 0x00007ff83e3ce000 	C:\WINDOWS\SYSTEM32\WINHTTP.dll
0x00007ff847920000 - 0x00007ff84798a000 	C:\WINDOWS\system32\mswsock.dll
0x00007ff836130000 - 0x00007ff836146000 	C:\Users\Serein\.jdks\corretto-21.0.6\bin\nio.dll
0x00007ff842f10000 - 0x00007ff842f1b000 	C:\Users\Serein\.jdks\corretto-21.0.6\bin\dt_socket.dll
0x00007ff846e10000 - 0x00007ff846e43000 	C:\WINDOWS\SYSTEM32\IPHLPAPI.DLL
0x0000022ba4ab0000 - 0x0000022ba4ab3000 	C:\Users\Serein\.openjfx\cache\21+31\amd64\api-ms-win-core-console-l1-1-0.dll
0x0000022ba4ac0000 - 0x0000022ba4ac3000 	C:\Users\Serein\.openjfx\cache\21+31\amd64\api-ms-win-core-console-l1-2-0.dll
0x0000022ba4ad0000 - 0x0000022ba4ad3000 	C:\Users\Serein\.openjfx\cache\21+31\amd64\api-ms-win-core-datetime-l1-1-0.dll
0x0000022ba4ae0000 - 0x0000022ba4ae3000 	C:\Users\Serein\.openjfx\cache\21+31\amd64\api-ms-win-core-debug-l1-1-0.dll
0x0000022ba4af0000 - 0x0000022ba4af3000 	C:\Users\Serein\.openjfx\cache\21+31\amd64\api-ms-win-core-errorhandling-l1-1-0.dll
0x0000022ba4b00000 - 0x0000022ba4b04000 	C:\Users\Serein\.openjfx\cache\21+31\amd64\api-ms-win-core-file-l1-1-0.dll
0x0000022ba4b10000 - 0x0000022ba4b13000 	C:\Users\Serein\.openjfx\cache\21+31\amd64\api-ms-win-core-file-l1-2-0.dll
0x0000022ba4b20000 - 0x0000022ba4b23000 	C:\Users\Serein\.openjfx\cache\21+31\amd64\api-ms-win-core-file-l2-1-0.dll
0x0000022ba4b30000 - 0x0000022ba4b33000 	C:\Users\Serein\.openjfx\cache\21+31\amd64\api-ms-win-core-handle-l1-1-0.dll
0x0000022ba4b40000 - 0x0000022ba4b43000 	C:\Users\Serein\.openjfx\cache\21+31\amd64\api-ms-win-core-heap-l1-1-0.dll
0x0000022ba4b50000 - 0x0000022ba4b53000 	C:\Users\Serein\.openjfx\cache\21+31\amd64\api-ms-win-core-interlocked-l1-1-0.dll
0x0000022ba4b60000 - 0x0000022ba4b63000 	C:\Users\Serein\.openjfx\cache\21+31\amd64\api-ms-win-core-libraryloader-l1-1-0.dll
0x0000022ba4b70000 - 0x0000022ba4b73000 	C:\Users\Serein\.openjfx\cache\21+31\amd64\api-ms-win-core-localization-l1-2-0.dll
0x0000022ba4b80000 - 0x0000022ba4b83000 	C:\Users\Serein\.openjfx\cache\21+31\amd64\api-ms-win-core-memory-l1-1-0.dll
0x0000022ba4b90000 - 0x0000022ba4b93000 	C:\Users\Serein\.openjfx\cache\21+31\amd64\api-ms-win-core-namedpipe-l1-1-0.dll
0x0000022ba4ba0000 - 0x0000022ba4ba3000 	C:\Users\Serein\.openjfx\cache\21+31\amd64\api-ms-win-core-processenvironment-l1-1-0.dll
0x0000022ba4bb0000 - 0x0000022ba4bb3000 	C:\Users\Serein\.openjfx\cache\21+31\amd64\api-ms-win-core-processthreads-l1-1-0.dll
0x0000022ba4bc0000 - 0x0000022ba4bc3000 	C:\Users\Serein\.openjfx\cache\21+31\amd64\api-ms-win-core-processthreads-l1-1-1.dll
0x0000022ba4bd0000 - 0x0000022ba4bd3000 	C:\Users\Serein\.openjfx\cache\21+31\amd64\api-ms-win-core-profile-l1-1-0.dll
0x0000022ba4be0000 - 0x0000022ba4be3000 	C:\Users\Serein\.openjfx\cache\21+31\amd64\api-ms-win-core-rtlsupport-l1-1-0.dll
0x0000022ba4bf0000 - 0x0000022ba4bf3000 	C:\Users\Serein\.openjfx\cache\21+31\amd64\api-ms-win-core-string-l1-1-0.dll
0x0000022ba4c00000 - 0x0000022ba4c03000 	C:\Users\Serein\.openjfx\cache\21+31\amd64\api-ms-win-core-synch-l1-1-0.dll
0x0000022ba4c10000 - 0x0000022ba4c13000 	C:\Users\Serein\.openjfx\cache\21+31\amd64\api-ms-win-core-synch-l1-2-0.dll
0x0000022ba4c20000 - 0x0000022ba4c23000 	C:\Users\Serein\.openjfx\cache\21+31\amd64\api-ms-win-core-sysinfo-l1-1-0.dll
0x0000022ba4c30000 - 0x0000022ba4c33000 	C:\Users\Serein\.openjfx\cache\21+31\amd64\api-ms-win-core-timezone-l1-1-0.dll
0x0000022ba4c40000 - 0x0000022ba4c43000 	C:\Users\Serein\.openjfx\cache\21+31\amd64\api-ms-win-core-util-l1-1-0.dll
0x0000022ba4c50000 - 0x0000022ba4c53000 	C:\Users\Serein\.openjfx\cache\21+31\amd64\api-ms-win-crt-conio-l1-1-0.dll
0x0000022ba4c60000 - 0x0000022ba4c64000 	C:\Users\Serein\.openjfx\cache\21+31\amd64\api-ms-win-crt-convert-l1-1-0.dll
0x0000022ba4c70000 - 0x0000022ba4c73000 	C:\Users\Serein\.openjfx\cache\21+31\amd64\api-ms-win-crt-environment-l1-1-0.dll
0x0000022ba4c80000 - 0x0000022ba4c83000 	C:\Users\Serein\.openjfx\cache\21+31\amd64\api-ms-win-crt-filesystem-l1-1-0.dll
0x0000022ba4c90000 - 0x0000022ba4c93000 	C:\Users\Serein\.openjfx\cache\21+31\amd64\api-ms-win-crt-heap-l1-1-0.dll
0x0000022ba4ca0000 - 0x0000022ba4ca3000 	C:\Users\Serein\.openjfx\cache\21+31\amd64\api-ms-win-crt-locale-l1-1-0.dll
0x0000022ba4cb0000 - 0x0000022ba4cb5000 	C:\Users\Serein\.openjfx\cache\21+31\amd64\api-ms-win-crt-math-l1-1-0.dll
0x0000022ba4cc0000 - 0x0000022ba4cc5000 	C:\Users\Serein\.openjfx\cache\21+31\amd64\api-ms-win-crt-multibyte-l1-1-0.dll
0x0000022ba4cd0000 - 0x0000022ba4ce0000 	C:\Users\Serein\.openjfx\cache\21+31\amd64\api-ms-win-crt-private-l1-1-0.dll
0x0000022ba4ce0000 - 0x0000022ba4ce3000 	C:\Users\Serein\.openjfx\cache\21+31\amd64\api-ms-win-crt-process-l1-1-0.dll
0x0000022ba4cf0000 - 0x0000022ba4cf4000 	C:\Users\Serein\.openjfx\cache\21+31\amd64\api-ms-win-crt-runtime-l1-1-0.dll
0x0000022ba4d00000 - 0x0000022ba4d04000 	C:\Users\Serein\.openjfx\cache\21+31\amd64\api-ms-win-crt-stdio-l1-1-0.dll
0x0000022ba4d10000 - 0x0000022ba4d14000 	C:\Users\Serein\.openjfx\cache\21+31\amd64\api-ms-win-crt-string-l1-1-0.dll
0x0000022ba4d20000 - 0x0000022ba4d23000 	C:\Users\Serein\.openjfx\cache\21+31\amd64\api-ms-win-crt-time-l1-1-0.dll
0x0000022ba4d30000 - 0x0000022ba4d33000 	C:\Users\Serein\.openjfx\cache\21+31\amd64\api-ms-win-crt-utility-l1-1-0.dll
0x00007ff8309d0000 - 0x00007ff830acc000 	C:\Users\Serein\.openjfx\cache\21+31\amd64\ucrtbase.dll
0x00007ff842eb0000 - 0x00007ff842ecb000 	C:\Users\Serein\.openjfx\cache\21+31\amd64\vcruntime140.dll
0x00007ff842b40000 - 0x00007ff842b4c000 	C:\Users\Serein\.openjfx\cache\21+31\amd64\vcruntime140_1.dll
0x00007ffff5280000 - 0x00007ffff530e000 	C:\Users\Serein\.openjfx\cache\21+31\amd64\msvcp140.dll
0x00007ff849130000 - 0x00007ff8492cf000 	C:\WINDOWS\System32\ole32.dll
0x00007ff842830000 - 0x00007ff842839000 	C:\Users\Serein\.openjfx\cache\21+31\amd64\msvcp140_1.dll
0x00007ff836e50000 - 0x00007ff836e7f000 	C:\Users\Serein\.openjfx\cache\21+31\amd64\msvcp140_2.dll
0x00007ff8363e0000 - 0x00007ff83640f000 	C:\Users\Serein\.openjfx\cache\21+31\amd64\prism_d3d.dll
0x00007ff80cb00000 - 0x00007ff80ccb5000 	C:\WINDOWS\system32\d3d9.dll
0x00007ff844ed0000 - 0x00007ff844f06000 	C:\WINDOWS\SYSTEM32\dwmapi.dll
0x00007ff845610000 - 0x00007ff845657000 	C:\WINDOWS\SYSTEM32\dxcore.dll
0x00007ff844be0000 - 0x00007ff844c8f000 	C:\WINDOWS\system32\uxtheme.dll
0x00007fffee0a0000 - 0x00007fffee330000 	C:\WINDOWS\System32\DriverStore\FileRepository\iigd_dch.inf_amd64_f93b33e201f14a12\igdumdim64.dll
0x00007fffdbf70000 - 0x00007fffdd4c1000 	C:\WINDOWS\System32\DriverStore\FileRepository\iigd_dch.inf_amd64_f93b33e201f14a12\igd9trinity64.dll
0x00007ff844d70000 - 0x00007ff844ea3000 	C:\WINDOWS\system32\dxgi.dll
0x00007ff844ce0000 - 0x00007ff844d40000 	C:\WINDOWS\SYSTEM32\directxdatabasehelper.dll
0x00007ff848140000 - 0x00007ff848197000 	C:\WINDOWS\SYSTEM32\cfgmgr32.dll
0x00007ff83de60000 - 0x00007ff83e2a1000 	C:\WINDOWS\System32\DriverStore\FileRepository\iigd_dch.inf_amd64_f93b33e201f14a12\igdgmm64.dll
0x00007ff83e440000 - 0x00007ff83e465000 	C:\WINDOWS\System32\DriverStore\FileRepository\iigd_dch.inf_amd64_f93b33e201f14a12\igc64.dll
0x00007fffcc160000 - 0x00007fffcd6a5000 	C:\WINDOWS\System32\DriverStore\FileRepository\iigd_dch.inf_amd64_f93b33e201f14a12\igd9dxva64.dll
0x00007ff84a440000 - 0x00007ff84a8c6000 	C:\WINDOWS\System32\SETUPAPI.dll
0x00007ff8156d0000 - 0x00007ff8173fd000 	C:\WINDOWS\System32\DriverStore\FileRepository\iigd_dch.inf_amd64_f93b33e201f14a12\media_bin_64.dll
0x00007ff832960000 - 0x00007ff8329a2000 	C:\Users\Serein\.openjfx\cache\21+31\amd64\glass.dll
0x00007ff849a90000 - 0x00007ff849b84000 	C:\WINDOWS\System32\COMDLG32.dll
0x00007ffff4ea0000 - 0x00007ffff4fd3000 	C:\ProgramData\A-Volute\A-Volute.Nahimic\Modules\Scheduled\x64\AudioDevProps2.dll
0x00007ff84aec0000 - 0x00007ff84b01f000 	C:\WINDOWS\System32\MSCTF.dll
0x00007ff838f00000 - 0x00007ff83db9d000 	C:\WINDOWS\System32\DriverStore\FileRepository\iigd_dch.inf_amd64_f93b33e201f14a12\igc-default64.dll
0x00007fffd9b60000 - 0x00007fffd9ca7000 	C:\WINDOWS\System32\DriverStore\FileRepository\iigd_dch.inf_amd64_f93b33e201f14a12\igdml64.dll
0x00007ff836a30000 - 0x00007ff836a58000 	C:\WINDOWS\System32\DriverStore\FileRepository\iigd_dch.inf_amd64_f93b33e201f14a12\igdinfo64.dll
0x00007ff847bc0000 - 0x00007ff847bdc000 	C:\WINDOWS\SYSTEM32\CRYPTSP.dll
0x00007ff847310000 - 0x00007ff84734a000 	C:\WINDOWS\system32\rsaenh.dll
0x00007ff847be0000 - 0x00007ff847bec000 	C:\WINDOWS\SYSTEM32\CRYPTBASE.dll
0x00007ff8483b0000 - 0x00007ff8483d6000 	C:\WINDOWS\SYSTEM32\bcrypt.dll
0x00007ff836220000 - 0x00007ff83624d000 	C:\Users\Serein\.openjfx\cache\21+31\amd64\javafx_iio.dll
0x00007ff832a40000 - 0x00007ff832a54000 	C:\Users\Serein\.openjfx\cache\21+31\amd64\javafx_font.dll
0x00007ff843650000 - 0x00007ff8438b9000 	C:\WINDOWS\SYSTEM32\dwrite.dll

dbghelp: loaded successfully - version: 4.0.5 - missing functions: none
symbol engine: initialized successfully - sym options: 0x614 - pdb path: .;C:\Users\Serein\.jdks\corretto-21.0.6\bin;C:\WINDOWS\SYSTEM32;C:\WINDOWS\WinSxS\amd64_microsoft.windows.common-controls_6595b64144ccf1df_6.0.26100.3912_none_3e07963ce335137e;C:\Users\Serein\.jdks\corretto-21.0.6\bin\server;C:\Users\Serein\AppData\Local\Temp\idea_libasyncProfiler_dll_temp_folder7;C:\Users\Serein\.openjfx\cache\21+31\amd64;C:\WINDOWS\System32\DriverStore\FileRepository\iigd_dch.inf_amd64_f93b33e201f14a12;C:\ProgramData\A-Volute\A-Volute.Nahimic\Modules\Scheduled\x64;C:\Program Files\Common Files\Microsoft Shared\Ink

VM Arguments:
jvm_args: -agentlib:jdwp=transport=dt_socket,address=127.0.0.1:49589,suspend=y,server=n -agentpath:C:\Users\Serein\AppData\Local\Temp\idea_libasyncProfiler_dll_temp_folder7\libasyncProfiler.dll=version,jfr,event=wall,interval=10ms,cstack=no,file=C:\Users\Serein\IdeaSnapshots\MainApplication_2025_05_19_151610.jfr,dbghelppath=C:\Users\Serein\AppData\Local\Temp\idea_dbghelp_dll_temp_folder\dbghelp.dll,log=C:\Users\Serein\AppData\Local\Temp\MainApplication_2025_05_19_151610.jfr.log.txt,logLevel=DEBUG -javaagent:C:\Users\Serein\AppData\Local\JetBrains\IntelliJIdea2024.3\captureAgent\debugger-agent.jar -Dkotlinx.coroutines.debug.enable.creation.stack.trace=false -Ddebugger.agent.enable.coroutines=true -Dkotlinx.coroutines.debug.enable.flows.stack.trace=true -Dkotlinx.coroutines.debug.enable.mutable.state.flows.stack.trace=true -Dfile.encoding=UTF-8 -Dsun.stdout.encoding=UTF-8 -Dsun.stderr.encoding=UTF-8 --module-path=C:\Users\Serein\.m2\repository\com\google\code\gson\gson\2.8.6\gson-2.8.6.jar;C:\Users\Serein\Desktop\´úÂëÎÄ¼þ¼Ð111\JavaProgramDesignForStudentManageFrontEnd\target\classes;C:\Users\Serein\.m2\repository\org\openjfx\javafx-controls\21\javafx-controls-21-win.jar;C:\Users\Serein\.m2\repository\org\openjfx\javafx-graphics\21\javafx-graphics-21-win.jar;C:\Users\Serein\.m2\repository\org\openjfx\javafx-fxml\21\javafx-fxml-21-win.jar;C:\Users\Serein\.m2\repository\org\openjfx\javafx-swing\21\javafx-swing-21-win.jar;C:\Users\Serein\.m2\repository\com\fasterxml\jackson\core\jackson-databind\2.18.2\jackson-databind-2.18.2.jar;C:\Users\Serein\.m2\repository\com\fasterxml\jackson\core\jackson-annotations\2.18.2\jackson-annotations-2.18.2.jar;C:\Users\Serein\.m2\repository\com\fasterxml\jackson\core\jackson-core\2.18.2\jackson-core-2.18.2.jar;C:\Users\Serein\.m2\repository\org\openjfx\javafx-base\21\javafx-base-21-win.jar -Djdk.module.main=com.teach.javafx 
java_command: com.teach.javafx/com.teach.javafx.MainApplication
java_class_path (initial): C:\Users\Serein\.m2\repository\org\openjfx\javafx-controls\21\javafx-controls-21.jar;C:\Users\Serein\.m2\repository\org\openjfx\javafx-graphics\21\javafx-graphics-21.jar;C:\Users\Serein\.m2\repository\org\openjfx\javafx-base\21\javafx-base-21.jar;C:\Users\Serein\.m2\repository\org\openjfx\javafx-fxml\21\javafx-fxml-21.jar;C:\Users\Serein\.m2\repository\org\openjfx\javafx-swing\21\javafx-swing-21.jar;C:\Users\Serein\IntelliJ IDEA 2024.3.4.1\lib\idea_rt.jar
Launcher Type: SUN_STANDARD

[Global flags]
     intx CICompilerCount                          = 12                                        {product} {ergonomic}
     uint ConcGCThreads                            = 4                                         {product} {ergonomic}
     uint G1ConcRefinementThreads                  = 15                                        {product} {ergonomic}
   size_t G1HeapRegionSize                         = 4194304                                   {product} {ergonomic}
    uintx GCDrainStackTargetSize                   = 64                                        {product} {ergonomic}
   size_t InitialHeapSize                          = 398458880                                 {product} {ergonomic}
   size_t MarkStackSize                            = 4194304                                   {product} {ergonomic}
   size_t MaxHeapSize                              = 6371147776                                {product} {ergonomic}
   size_t MaxNewSize                               = 3821010944                                {product} {ergonomic}
   size_t MinHeapDeltaBytes                        = 4194304                                   {product} {ergonomic}
   size_t MinHeapSize                              = 8388608                                   {product} {ergonomic}
    uintx NonNMethodCodeHeapSize                   = 7602480                                {pd product} {ergonomic}
    uintx NonProfiledCodeHeapSize                  = 122027880                              {pd product} {ergonomic}
    uintx ProfiledCodeHeapSize                     = 122027880                              {pd product} {ergonomic}
    uintx ReservedCodeCacheSize                    = 251658240                              {pd product} {ergonomic}
     bool SegmentedCodeCache                       = true                                      {product} {ergonomic}
   size_t SoftMaxHeapSize                          = 6371147776                             {manageable} {ergonomic}
     bool UseCompressedOops                        = true                           {product lp64_product} {ergonomic}
     bool UseG1GC                                  = true                                      {product} {ergonomic}
     bool UseLargePagesIndividualAllocation        = false                                  {pd product} {ergonomic}

Logging:
Log output configuration:
 #0: stdout all=off uptime,level,tags foldmultilines=false
 #1: stderr all=off uptime,level,tags foldmultilines=false

Environment Variables:
PATH=D:\Program Files\Java\jdk-21\bin;C:\WINDOWS\system32;C:\WINDOWS;C:\WINDOWS\System32\Wbem;C:\WINDOWS\System32\WindowsPowerShell\v1.0\;C:\WINDOWS\System32\OpenSSH\;C:\Program Files (x86)\NVIDIA Corporation\PhysX\Common;C:\Program Files\NVIDIA Corporation\NVIDIA NvDLISR;C:\Program Files\Microsoft SQL Server\150\Tools\Binn\;C:\Program Files (x86)\Windows Kits\10\Windows Performance Toolkit\;C:\Program Files\Git\cmd;C:\Program Files\dotnet\;C:\Users\Serein\AppData\Local\Programs\Python\Python312\;C:\Users\Serein\AppData\Local\Microsoft\WindowsApps;D:\QQ;;C:\Users\Serein\IntelliJ IDEA 2024.3.4.1\bin;;D:\intellij idea\ij\IntelliJ IDEA Community Edition 2024.2.3\bin;
USERNAME=Serein
OS=Windows_NT
PROCESSOR_IDENTIFIER=Intel64 Family 6 Model 183 Stepping 1, GenuineIntel
TMP=C:\Users\Serein\AppData\Local\Temp
TEMP=C:\Users\Serein\AppData\Local\Temp




Periodic native trim disabled

---------------  S Y S T E M  ---------------

OS:
 Windows 11 , 64 bit Build 26100 (10.0.26100.3912)
OS uptime: 2 days 20:34 hours

CPU: total 20 (initial active 20) (10 cores per cpu, 2 threads per core) family 6 model 183 stepping 1 microcode 0x122, cx8, cmov, fxsr, ht, mmx, 3dnowpref, sse, sse2, sse3, ssse3, sse4.1, sse4.2, popcnt, lzcnt, tsc, tscinvbit, avx, avx2, aes, erms, clmul, bmi1, bmi2, adx, sha, fma, vzeroupper, clflush, clflushopt, clwb, serialize, rdtscp, rdpid, fsrm, f16c, pku, cet_ibt, cet_ss
Processor Information for processor 0
  Max Mhz: 2600, Current Mhz: 2600, Mhz Limit: 2600
Processor Information for processor 1
  Max Mhz: 2600, Current Mhz: 2600, Mhz Limit: 2600
Processor Information for processor 2
  Max Mhz: 2600, Current Mhz: 2600, Mhz Limit: 2600
Processor Information for processor 3
  Max Mhz: 2600, Current Mhz: 2600, Mhz Limit: 2600
Processor Information for processor 4
  Max Mhz: 2600, Current Mhz: 2600, Mhz Limit: 2600
Processor Information for processor 5
  Max Mhz: 2600, Current Mhz: 2600, Mhz Limit: 2600
Processor Information for processor 6
  Max Mhz: 2600, Current Mhz: 2600, Mhz Limit: 2600
Processor Information for processor 7
  Max Mhz: 2600, Current Mhz: 2600, Mhz Limit: 2600
Processor Information for processor 8
  Max Mhz: 2600, Current Mhz: 2600, Mhz Limit: 2600
Processor Information for processor 9
  Max Mhz: 2600, Current Mhz: 2600, Mhz Limit: 2600
Processor Information for processor 10
  Max Mhz: 2600, Current Mhz: 2600, Mhz Limit: 2600
Processor Information for processor 11
  Max Mhz: 2600, Current Mhz: 2600, Mhz Limit: 2600
Processor Information for processor 12
  Max Mhz: 2600, Current Mhz: 1900, Mhz Limit: 1898
Processor Information for processor 13
  Max Mhz: 2600, Current Mhz: 1900, Mhz Limit: 1898
Processor Information for processor 14
  Max Mhz: 2600, Current Mhz: 1900, Mhz Limit: 1898
Processor Information for processor 15
  Max Mhz: 2600, Current Mhz: 1900, Mhz Limit: 1898
Processor Information for processor 16
  Max Mhz: 2600, Current Mhz: 1900, Mhz Limit: 1898
Processor Information for processor 17
  Max Mhz: 2600, Current Mhz: 1900, Mhz Limit: 1898
Processor Information for processor 18
  Max Mhz: 2600, Current Mhz: 1900, Mhz Limit: 1898
Processor Information for processor 19
  Max Mhz: 2600, Current Mhz: 1900, Mhz Limit: 1898

Memory: 4k page, system-wide physical 24299M (10291M free)
TotalPageFile size 28395M (AvailPageFile size 8455M)
current process WorkingSet (physical memory assigned to process): 382M, peak: 490M
current process commit charge ("private bytes"): 439M, peak: 725M

vm_info: OpenJDK 64-Bit Server VM (21.0.6+7-LTS) for windows-amd64 JRE (21.0.6+7-LTS), built on 2025-01-07T23:42:01Z by "Administrator" with MS VC++ 16.10 / 16.11 (VS2019)

END.
