#
# A fatal error has been detected by the Java Runtime Environment:
#
#  EXCEPTION_ACCESS_VIOLATION (0xc0000005) at pc=0x00007ff808b86587, pid=9992, tid=2240
#
# JRE version: OpenJDK Runtime Environment Corretto-21.0.6.7.1 (21.0.6+7) (build 21.0.6+7-LTS)
# Java VM: OpenJDK 64-Bit Server VM Corretto-21.0.6.7.1 (21.0.6+7-LTS, mixed mode, sharing, tiered, compressed oops, compressed class ptrs, g1 gc, windows-amd64)
# Problematic frame:
# C  [glass.dll+0x26587]
#
# No core dump will be written. Minidumps are not enabled by default on client versions of Windows
#
# If you would like to submit a bug report, please visit:
#   https://github.com/corretto/corretto-21/issues/
#

---------------  S U M M A R Y ------------

Command Line: -agentlib:jdwp=transport=dt_socket,address=127.0.0.1:58698,suspend=y,server=n -agentpath:C:\Users\Serein\AppData\Local\Temp\idea_libasyncProfiler_dll_temp_folder7\libasyncProfiler.dll=version,jfr,event=wall,interval=10ms,cstack=no,file=C:\Users\Serein\IdeaSnapshots\MainApplication_2025_05_19_080224.jfr,dbghelppath=C:\Users\Serein\AppData\Local\Temp\idea_dbghelp_dll_temp_folder\dbghelp.dll,log=C:\Users\Serein\AppData\Local\Temp\MainApplication_2025_05_19_080224.jfr.log.txt,logLevel=DEBUG -javaagent:C:\Users\Serein\AppData\Local\JetBrains\IntelliJIdea2024.3\captureAgent\debugger-agent.jar -Dkotlinx.coroutines.debug.enable.creation.stack.trace=false -Ddebugger.agent.enable.coroutines=true -Dkotlinx.coroutines.debug.enable.flows.stack.trace=true -Dkotlinx.coroutines.debug.enable.mutable.state.flows.stack.trace=true -Dfile.encoding=UTF-8 -Dsun.stdout.encoding=UTF-8 -Dsun.stderr.encoding=UTF-8 --module-path=C:\Users\Serein\.m2\repository\org\openjfx\javafx-graphics\21\javafx-graphics-21-win.jar;C:\Users\Serein\.m2\repository\org\openjfx\javafx-fxml\21\javafx-fxml-21-win.jar;C:\Users\Serein\.m2\repository\org\openjfx\javafx-swing\21\javafx-swing-21-win.jar;C:\Users\Serein\.m2\repository\com\google\code\gson\gson\2.8.6\gson-2.8.6.jar;C:\Users\Serein\.m2\repository\org\openjfx\javafx-controls\21\javafx-controls-21-win.jar;C:\Users\Serein\.m2\repository\org\openjfx\javafx-base\21\javafx-base-21-win.jar;C:\Users\Serein\.m2\repository\com\fasterxml\jackson\core\jackson-core\2.18.2\jackson-core-2.18.2.jar;C:\Users\Serein\.m2\repository\com\fasterxml\jackson\core\jackson-databind\2.18.2\jackson-databind-2.18.2.jar;C:\Users\Serein\.m2\repository\com\fasterxml\jackson\core\jackson-annotations\2.18.2\jackson-annotations-2.18.2.jar;C:\Users\Serein\Desktop\´úÂëÎÄ¼þ¼Ð111\JavaProgramDesignForStudentManageFrontEnd\target\classes -Djdk.module.main=com.teach.javafx com.teach.javafx/com.teach.javafx.MainApplication

Host: 13th Gen Intel(R) Core(TM) i7-13650HX, 20 cores, 23G,  Windows 11 , 64 bit Build 26100 (10.0.26100.3912)
Time: Mon May 19 08:05:09 2025  Windows 11 , 64 bit Build 26100 (10.0.26100.3912) elapsed time: 165.003592 seconds (0d 0h 2m 45s)

---------------  T H R E A D  ---------------

Current thread (0x0000016c270e9020):  VMThread "VM Thread"          [id=2240, stack(0x00000062bac00000,0x00000062bad00000) (1024K)]

Stack: [0x00000062bac00000,0x00000062bad00000],  sp=0x00000062bacfec40,  free space=1019k
Native frames: (J=compiled Java code, j=interpreted, Vv=VM code, C=native code)
C  [glass.dll+0x26587]


siginfo: EXCEPTION_ACCESS_VIOLATION (0xc0000005), reading address 0x0000000000000000


Registers:
RAX=0x0000000000000000, RBX=0x0000016c33c96b82, RCX=0x0000016c270e9020, RDX=0x00000062bacfec40
RSP=0x00000062bacfec40, RBP=0x0000cca68abe6e93, RSI=0x0000016c2cd1dca8, RDI=0x0000016c2cd1dc80
R8 =0x0000000000010002, R9 =0x0000cca68abe6e93, R10=0x0000016bc0670000, R11=0x00000062bacfed28
R12=0x00007ff808b60000, R13=0x000000007ffe0385, R14=0x00000062bacfed48, R15=0x0000016c2cd1dc80
RIP=0x00007ff808b86587, EFLAGS=0x0000000000010202

XMM[0]=0x0000000000000000 0x0000000000000000
XMM[1]=0x0000000000000000 0x0000000000000000
XMM[2]=0x0000000000000000 0x0000000000000000
XMM[3]=0x0000000000000000 0x0000000000000000
XMM[4]=0x0000000000000000 0x0000000000000000
XMM[5]=0x0000000000000000 0x0000000000000000
XMM[6]=0x0000000000000000 0x0000000000000000
XMM[7]=0x0000000000000000 0x404e000000000000
XMM[8]=0x0000000000000000 0x0000000000000000
XMM[9]=0x0000000000000000 0x0000000000000000
XMM[10]=0x0000000000000000 0x0000000000000000
XMM[11]=0x0000000000000000 0x0000000000000000
XMM[12]=0x0000000000000000 0x0000000000000000
XMM[13]=0x0000000000000000 0x0000000000000000
XMM[14]=0x0000000000000000 0x0000000000000000
XMM[15]=0x0000000000000000 0x0000000000000000
  MXCSR=0x00001fa0


Register to memory mapping:

RAX=0x0 is null
RBX=0x0000016c33c96b82 is a global jni handle
RCX=0x0000016c270e9020 points into unknown readable memory: 0x00007fffaa5b4ca0 | a0 4c 5b aa ff 7f 00 00
RDX=0x00000062bacfec40 points into unknown readable memory: 0x0000000000000000 | 00 00 00 00 00 00 00 00
RSP=0x00000062bacfec40 points into unknown readable memory: 0x0000000000000000 | 00 00 00 00 00 00 00 00
RBP=0x0000cca68abe6e93 is an unknown value
RSI=0x0000016c2cd1dca8 points into unknown readable memory: 0x0000cca68abe6e93 | 93 6e be 8a a6 cc 00 00
RDI=0x0000016c2cd1dc80 points into unknown readable memory: 0xffc0896745fe6e90 | 90 6e fe 45 67 89 c0 ff
R8 =0x0000000000010002 is an unknown value
R9 =0x0000cca68abe6e93 is an unknown value
R10=0x0000016bc0670000 points into unknown readable memory: 0x0000000000000000 | 00 00 00 00 00 00 00 00
R11=0x00000062bacfed28 points into unknown readable memory: 0x00007ff808b83d5d | 5d 3d b8 08 f8 7f 00 00
R12=0x00007ff808b60000 glass.dll
R13=0x000000007ffe0385 points into unknown readable memory: 00 00 00
R14=0x00000062bacfed48 points into unknown readable memory: 0x00000062bacfed30 | 30 ed cf ba 62 00 00 00
R15=0x0000016c2cd1dc80 points into unknown readable memory: 0xffc0896745fe6e90 | 90 6e fe 45 67 89 c0 ff

Top of Stack: (sp=0x00000062bacfec40)
0x00000062bacfec40:   0000000000000000 0000016c00000000
0x00000062bacfec50:   0000016c2d7a65e0 00007ff808b60000
0x00000062bacfec60:   0000016c2cd1dc88 00007ff84890bc75
0x00000062bacfec70:   0000016c2cd1dc80 0000016c00000000
0x00000062bacfec80:   0000016c2cd1dca0 0000cca68abe6e93
0x00000062bacfec90:   fffffffffffffffe 0000000000000001
0x00000062bacfeca0:   0000000000000000 00007ff808b60000
0x00000062bacfecb0:   00000062bacfed38 00007ff84890b897
0x00000062bacfecc0:   00000062bacfed00 00000062bacfed48
0x00000062bacfecd0:   00000062bacff270 00007ff8489f88c0
0x00000062bacfece0:   0000000000000001 00007ff84890b84d
0x00000062bacfecf0:   0000000000000000 0000000000000001
0x00000062bacfed00:   0000000000000000 00000062bacfed38
0x00000062bacfed10:   fffffffffffffffe 0000000000000000
0x00000062bacfed20:   0000000000000001 00007ff808b83d5d
0x00000062bacfed30:   00007ff808b9a008 00007fff00000002
0x00000062bacfed40:   0000000000000002 00000062bacfed30
0x00000062bacfed50:   ffffffffffffff00 00001057f74b98a6
0x00000062bacfed60:   0000000000000000 00007ff808b83e82
0x00000062bacfed70:   0000000000000001 000000007ffe0300
0x00000062bacfed80:   0000000000000001 0000000000000001
0x00000062bacfed90:   00007ff847bc0000 00000062bacff270
0x00000062bacfeda0:   0000000000000001 00007ff847bc0000
0x00000062bacfedb0:   00007ff808b83ed0 0000000000000001
0x00000062bacfedc0:   0000000000000001 00007ff84b3c8083
0x00000062bacfedd0:   00007ff808b60000 0000000000000000
0x00000062bacfede0:   0000000000000001 000000007ffe0384
0x00000062bacfedf0:   000000000000008d 0000000000000000
0x00000062bacfee00:   0000000000000000 0000000000000000
0x00000062bacfee10:   00007ff808b60000 ffff085900000000
0x00000062bacfee20:   0000000000000078 0000000000000000
0x00000062bacfee30:   0000000000000000 0000016c270eb3c0 

Instructions: (pc=0x00007ff808b86587)
0x00007ff808b86487:   8b 4d 58 e8 8d cf ff ff 48 8b 4d 60 e8 84 cf ff
0x00007ff808b86497:   ff 48 8b 95 80 00 00 00 48 8b 8d 18 01 00 00 e8
0x00007ff808b864a7:   76 c4 ff ff 33 d2 33 c9 e8 cc e1 ff ff 90 48 89
0x00007ff808b864b7:   54 24 10 55 48 83 ec 20 48 8b ea 48 b8 00 00 00
0x00007ff808b864c7:   00 00 00 00 00 48 83 c4 20 5d c3 cc 40 55 48 8b
0x00007ff808b864d7:   ea 48 8b 01 33 c9 81 38 05 00 00 c0 0f 94 c1 8b
0x00007ff808b864e7:   c1 5d c3 cc 40 55 48 83 ec 20 48 8b ea 8a 4d 40
0x00007ff808b864f7:   48 83 c4 20 5d e9 73 d3 ff ff cc 40 55 48 83 ec
0x00007ff808b86507:   20 48 8b ea 8a 4d 20 e8 61 d3 ff ff 90 48 83 c4
0x00007ff808b86517:   20 5d c3 cc 40 55 48 83 ec 20 48 8b ea 48 83 c4
0x00007ff808b86527:   20 5d e9 c2 d1 ff ff cc 40 55 48 83 ec 30 48 8b
0x00007ff808b86537:   ea 48 8b 01 8b 10 48 89 4c 24 28 89 54 24 20 4c
0x00007ff808b86547:   8d 0d 63 d6 ff ff 4c 8b 45 70 8b 55 68 48 8b 4d
0x00007ff808b86557:   60 e8 03 d1 ff ff 90 48 83 c4 30 5d c3 cc cc cc
0x00007ff808b86567:   cc cc cc cc cc cc cc cc cc 40 53 48 83 ec 20 48
0x00007ff808b86577:   8b 1d 8b 34 01 00 48 85 db 74 16 e8 89 8f ff ff
0x00007ff808b86587:   4c 8b 00 48 8b d3 48 8b c8 41 ff 90 b0 00 00 00
0x00007ff808b86597:   90 48 83 c4 20 5b c3 cc cc 40 53 48 83 ec 20 48
0x00007ff808b865a7:   8b 1d fb 35 01 00 48 85 db 74 57 b8 ff ff ff ff
0x00007ff808b865b7:   f0 0f c1 43 10 83 f8 01 75 3d 48 85 db 74 38 48
0x00007ff808b865c7:   8b 0b 48 85 c9 74 0d ff 15 d4 0c 00 00 48 c7 03
0x00007ff808b865d7:   00 00 00 00 48 8b 4b 08 48 85 c9 74 0d e8 33 ce
0x00007ff808b865e7:   ff ff 48 c7 43 08 00 00 00 00 ba 18 00 00 00 48
0x00007ff808b865f7:   8b cb e8 1e ce ff ff 48 c7 05 9f 35 01 00 00 00
0x00007ff808b86607:   00 00 48 83 c4 20 5b c3 cc 40 53 48 83 ec 20 48
0x00007ff808b86617:   8b 1d 6b 35 01 00 48 85 db 74 57 b8 ff ff ff ff
0x00007ff808b86627:   f0 0f c1 43 10 83 f8 01 75 3d 48 85 db 74 38 48
0x00007ff808b86637:   8b 0b 48 85 c9 74 0d ff 15 64 0c 00 00 48 c7 03
0x00007ff808b86647:   00 00 00 00 48 8b 4b 08 48 85 c9 74 0d e8 c3 cd
0x00007ff808b86657:   ff ff 48 c7 43 08 00 00 00 00 ba 18 00 00 00 48
0x00007ff808b86667:   8b cb e8 ae cd ff ff 48 c7 05 0f 35 01 00 00 00
0x00007ff808b86677:   00 00 48 83 c4 20 5b c3 cc 40 53 48 83 ec 20 48 


Stack slot to memory mapping:

stack at sp + 0 slots: 0x0 is null
stack at sp + 1 slots: 0x0000016c00000000 is an unknown value
stack at sp + 2 slots: 0x0000016c2d7a65e0 points into unknown readable memory: 0x0000016c2d7a6f70 | 70 6f 7a 2d 6c 01 00 00
stack at sp + 3 slots: 0x00007ff808b60000 glass.dll
stack at sp + 4 slots: 0x0000016c2cd1dc88 points into unknown readable memory: 0x0000cca68abe6e93 | 93 6e be 8a a6 cc 00 00
stack at sp + 5 slots: 0x00007ff84890bc75 ucrtbase.dll
stack at sp + 6 slots: 0x0000016c2cd1dc80 points into unknown readable memory: 0xffc0896745fe6e90 | 90 6e fe 45 67 89 c0 ff
stack at sp + 7 slots: 0x0000016c00000000 is an unknown value

VM_Operation (0x00000062bb8ff3c0): Exit, mode: safepoint, requested by thread 0x0000016c274caca0


---------------  P R O C E S S  ---------------

Threads class SMR info:
_java_thread_list=0x0000016c2c438a00, length=23, elements={
0x0000016bc23ee480, 0x0000016c2710e130, 0x0000016c2710eb80, 0x0000016c27115cf0,
0x0000016c27116ad0, 0x0000016c27117dc0, 0x0000016c2711d710, 0x0000016c2712f090,
0x0000016c27242240, 0x0000016c2c788230, 0x0000016c2c786af0, 0x0000016c2cb70a60,
0x0000016c2d730dd0, 0x0000016c2d7f5a50, 0x0000016c2df54770, 0x0000016c2dfb89c0,
0x0000016c2e101980, 0x0000016c33737950, 0x0000016c33d74460, 0x0000016c274c98f0,
0x0000016c274c8bd0, 0x0000016c274ca610, 0x0000016c274caca0
}

Java Threads: ( => current thread )
  0x0000016bc23ee480 JavaThread "main"                              [_thread_blocked, id=6416, stack(0x00000062ba500000,0x00000062ba600000) (1024K)]
  0x0000016c2710e130 JavaThread "Reference Handler"          daemon [_thread_blocked, id=30672, stack(0x00000062bad00000,0x00000062bae00000) (1024K)]
  0x0000016c2710eb80 JavaThread "Finalizer"                  daemon [_thread_blocked, id=14952, stack(0x00000062bae00000,0x00000062baf00000) (1024K)]
  0x0000016c27115cf0 JavaThread "Attach Listener"            daemon [_thread_blocked, id=28820, stack(0x00000062bb000000,0x00000062bb100000) (1024K)]
  0x0000016c27116ad0 JavaThread "Service Thread"             daemon [_thread_blocked, id=21928, stack(0x00000062bb100000,0x00000062bb200000) (1024K)]
  0x0000016c27117dc0 JavaThread "Monitor Deflation Thread"   daemon [_thread_blocked, id=1576, stack(0x00000062bb200000,0x00000062bb300000) (1024K)]
  0x0000016c2711d710 JavaThread "C2 CompilerThread0"         daemon [_thread_blocked, id=27900, stack(0x00000062bb300000,0x00000062bb400000) (1024K)]
  0x0000016c2712f090 JavaThread "C1 CompilerThread0"         daemon [_thread_blocked, id=13516, stack(0x00000062bb400000,0x00000062bb500000) (1024K)]
  0x0000016c27242240 JavaThread "Common-Cleaner"             daemon [_thread_blocked, id=23288, stack(0x00000062bb500000,0x00000062bb600000) (1024K)]
  0x0000016c2c788230 JavaThread "JDWP Event Helper Thread"   daemon [_thread_blocked, id=30216, stack(0x00000062bbe00000,0x00000062bbf00000) (1024K)]
  0x0000016c2c786af0 JavaThread "Notification Thread"        daemon [_thread_blocked, id=8996, stack(0x00000062bc000000,0x00000062bc100000) (1024K)]
  0x0000016c2cb70a60 JavaThread "QuantumRenderer-0"          daemon [_thread_blocked, id=1476, stack(0x00000062bc600000,0x00000062bc700000) (1024K)]
  0x0000016c2d730dd0 JavaThread "InvokeLaterDispatcher"      daemon [_thread_blocked, id=19356, stack(0x00000062bc700000,0x00000062bc800000) (1024K)]
  0x0000016c2d7f5a50 JavaThread "JavaFX Application Thread"         [_thread_blocked, id=19336, stack(0x00000062bc800000,0x00000062bc900000) (1024K)]
  0x0000016c2df54770 JavaThread "Thread-1"                   daemon [_thread_in_native, id=25096, stack(0x00000062be000000,0x00000062be100000) (1024K)]
  0x0000016c2dfb89c0 JavaThread "JavaFX-Launcher"                   [_thread_blocked, id=28108, stack(0x00000062be100000,0x00000062be200000) (1024K)]
  0x0000016c2e101980 JavaThread "Prism Font Disposer"        daemon [_thread_blocked, id=7588, stack(0x00000062bec00000,0x00000062bed00000) (1024K)]
  0x0000016c33737950 JavaThread "Cleaner-0"                  daemon [_thread_blocked, id=26316, stack(0x00000062bed00000,0x00000062bee00000) (1024K)]
  0x0000016c33d74460 JavaThread "HttpClient-1-SelectorManager" daemon [_thread_in_native, id=28400, stack(0x00000062bf000000,0x00000062bf100000) (1024K)]
  0x0000016c274c98f0 JavaThread "HttpClient-4-SelectorManager" daemon [_thread_blocked, id=10632, stack(0x00000062ba300000,0x00000062ba400000) (1024K)]
  0x0000016c274c8bd0 JavaThread "HttpClient-4-Worker-0"      daemon [_thread_blocked, id=5428, stack(0x00000062ba400000,0x00000062ba500000) (1024K)]
  0x0000016c274ca610 JavaThread "HttpClient-4-Worker-1"      daemon [_thread_blocked, id=17444, stack(0x00000062bb600000,0x00000062bb700000) (1024K)]
  0x0000016c274caca0 JavaThread "SIGINT handler"             daemon [_thread_blocked, id=24548, stack(0x00000062bb800000,0x00000062bb900000) (1024K)]
Total: 23

Other Threads:
=>0x0000016c270e9020 VMThread "VM Thread"                           [id=2240, stack(0x00000062bac00000,0x00000062bad00000) (1024K)]
  0x0000016bcb5386a0 WorkerThread "GC Thread#0"                     [id=2236, stack(0x00000062ba600000,0x00000062ba700000) (1024K)]
  0x0000016c2c8c7540 WorkerThread "GC Thread#1"                     [id=25980, stack(0x00000062bb900000,0x00000062bba00000) (1024K)]
  0x0000016c2c550510 WorkerThread "GC Thread#2"                     [id=14688, stack(0x00000062bba00000,0x00000062bbb00000) (1024K)]
  0x0000016c2c5508b0 WorkerThread "GC Thread#3"                     [id=22332, stack(0x00000062bbb00000,0x00000062bbc00000) (1024K)]
  0x0000016c27b89da0 WorkerThread "GC Thread#4"                     [id=2648, stack(0x00000062bbc00000,0x00000062bbd00000) (1024K)]
  0x0000016c27b8a140 WorkerThread "GC Thread#5"                     [id=27440, stack(0x00000062bc100000,0x00000062bc200000) (1024K)]
  0x0000016c27b8b360 WorkerThread "GC Thread#6"                     [id=6972, stack(0x00000062bc200000,0x00000062bc300000) (1024K)]
  0x0000016c27b89a00 WorkerThread "GC Thread#7"                     [id=4456, stack(0x00000062bc300000,0x00000062bc400000) (1024K)]
  0x0000016c27b8a4e0 WorkerThread "GC Thread#8"                     [id=23988, stack(0x00000062bc400000,0x00000062bc500000) (1024K)]
  0x0000016c27b8a880 WorkerThread "GC Thread#9"                     [id=13348, stack(0x00000062bc500000,0x00000062bc600000) (1024K)]
  0x0000016c33550d70 WorkerThread "GC Thread#10"                    [id=14844, stack(0x00000062be400000,0x00000062be500000) (1024K)]
  0x0000016c3354d370 WorkerThread "GC Thread#11"                    [id=20628, stack(0x00000062be500000,0x00000062be600000) (1024K)]
  0x0000016c335509d0 WorkerThread "GC Thread#12"                    [id=8156, stack(0x00000062be600000,0x00000062be700000) (1024K)]
  0x0000016c3354e930 WorkerThread "GC Thread#13"                    [id=29936, stack(0x00000062be700000,0x00000062be800000) (1024K)]
  0x0000016c3354ecd0 WorkerThread "GC Thread#14"                    [id=24192, stack(0x00000062be800000,0x00000062be900000) (1024K)]
  0x0000016bcb548290 ConcurrentGCThread "G1 Main Marker"            terminated
  0x0000016bcb548ec0 WorkerThread "G1 Conc#0"                       [id=11596, stack(0x00000062ba800000,0x00000062ba900000) (1024K)]
  0x0000016c33c5b730 WorkerThread "G1 Conc#1"                       [id=20444, stack(0x00000062be300000,0x00000062be400000) (1024K)]
  0x0000016c33c5ccf0 WorkerThread "G1 Conc#2"                       [id=2632, stack(0x00000062bee00000,0x00000062bef00000) (1024K)]
  0x0000016c33c5d430 WorkerThread "G1 Conc#3"                       [id=18996, stack(0x00000062bef00000,0x00000062bf000000) (1024K)]
  0x0000016bcb605e90 ConcurrentGCThread "G1 Refine#0"               terminated
  0x0000016bcb6077c0 ConcurrentGCThread "G1 Service"                terminated
Total: 23

Threads with active compile tasks:
C2 CompilerThread0  165112 5280       4       java.util.concurrent.ConcurrentHashMap$Traverser::advance (188 bytes)
Total: 1

VM state: at safepoint (shutting down)

VM Mutex/Monitor currently owned by a thread:  ([mutex/lock_event])
[0x00007fffaa78e320] Threads_lock - owner thread: 0x0000016c270e9020
[0x00007fffaa78e420] Heap_lock - owner thread: 0x0000016c274caca0

Heap address: 0x0000000684400000, size: 6076 MB, Compressed Oops mode: Zero based, Oop shift amount: 3

CDS archive(s) mapped at: [0x0000016be6000000-0x0000016be6c80000-0x0000016be6c80000), size 13107200, SharedBaseAddress: 0x0000016be6000000, ArchiveRelocationMode: 1.
Compressed class space mapped at: 0x0000016be7000000-0x0000016c27000000, reserved size: 1073741824
Narrow klass base: 0x0000016be6000000, Narrow klass shift: 0, Narrow klass range: 0x100000000

GC Precious Log:
 CardTable entry size: 512
 Card Set container configuration: InlinePtr #cards 4 size 8 Array Of Cards #cards 32 size 80 Howl #buckets 8 coarsen threshold 7372 Howl Bitmap #cards 1024 size 144 coarsen threshold 921 Card regions per heap region 1 cards per card region 8192
 CPUs: 20 total, 20 available
 Memory: 24299M
 Large Page Support: Disabled
 NUMA Support: Disabled
 Compressed Oops: Enabled (Zero based)
 Heap Region Size: 4M
 Heap Min Capacity: 8M
 Heap Initial Capacity: 380M
 Heap Max Capacity: 6076M
 Pre-touch: Disabled
 Parallel Workers: 15
 Concurrent Workers: 4
 Concurrent Refinement Workers: 15
 Periodic GC: Disabled

Heap:
 garbage-first heap   total 73728K, used 28824K [0x0000000684400000, 0x0000000800000000)
  region size 4096K, 5 young (20480K), 2 survivors (8192K)
 Metaspace       used 31144K, committed 31616K, reserved 1114112K
  class space    used 4261K, committed 4480K, reserved 1048576K

Heap Regions: E=young(eden), S=young(survivor), O=old, HS=humongous(starts), HC=humongous(continues), CS=collection set, F=free, TAMS=top-at-mark-start, PB=parsable bottom
|   0|0x0000000684400000, 0x0000000684800000, 0x0000000684800000|100%|HS|  |TAMS 0x0000000684400000| PB 0x0000000684400000| Complete 
|   1|0x0000000684800000, 0x0000000684c00000, 0x0000000684c00000|100%| O|  |TAMS 0x0000000684800000| PB 0x0000000684800000| Untracked 
|   2|0x0000000684c00000, 0x0000000685000000, 0x0000000685000000|100%| O|  |TAMS 0x0000000684c00000| PB 0x0000000684c00000| Untracked 
|   3|0x0000000685000000, 0x0000000685208080, 0x0000000685400000| 50%| O|  |TAMS 0x0000000685000000| PB 0x0000000685000000| Untracked 
|   4|0x0000000685400000, 0x0000000685400000, 0x0000000685800000|  0%| F|  |TAMS 0x0000000685400000| PB 0x0000000685400000| Untracked 
|   5|0x0000000685800000, 0x0000000685800000, 0x0000000685c00000|  0%| F|  |TAMS 0x0000000685800000| PB 0x0000000685800000| Untracked 
|   6|0x0000000685c00000, 0x0000000685e1e0c8, 0x0000000686000000| 52%| S|CS|TAMS 0x0000000685c00000| PB 0x0000000685c00000| Complete 
|   7|0x0000000686000000, 0x0000000686400000, 0x0000000686400000|100%| S|CS|TAMS 0x0000000686000000| PB 0x0000000686000000| Complete 
|   8|0x0000000686400000, 0x0000000686400000, 0x0000000686800000|  0%| F|  |TAMS 0x0000000686400000| PB 0x0000000686400000| Untracked 
|   9|0x0000000686800000, 0x0000000686800000, 0x0000000686c00000|  0%| F|  |TAMS 0x0000000686800000| PB 0x0000000686800000| Untracked 
|  10|0x0000000686c00000, 0x0000000686c00000, 0x0000000687000000|  0%| F|  |TAMS 0x0000000686c00000| PB 0x0000000686c00000| Untracked 
|  11|0x0000000687000000, 0x0000000687000000, 0x0000000687400000|  0%| F|  |TAMS 0x0000000687000000| PB 0x0000000687000000| Untracked 
|  12|0x0000000687400000, 0x0000000687400000, 0x0000000687800000|  0%| F|  |TAMS 0x0000000687400000| PB 0x0000000687400000| Untracked 
|  13|0x0000000687800000, 0x0000000687800000, 0x0000000687c00000|  0%| F|  |TAMS 0x0000000687800000| PB 0x0000000687800000| Untracked 
|  79|0x0000000698000000, 0x0000000698000000, 0x0000000698400000|  0%| F|  |TAMS 0x0000000698000000| PB 0x0000000698000000| Untracked 
|  80|0x0000000698400000, 0x00000006985ffc20, 0x0000000698800000| 49%| E|  |TAMS 0x0000000698400000| PB 0x0000000698400000| Complete 
|  81|0x0000000698800000, 0x0000000698c00000, 0x0000000698c00000|100%| E|CS|TAMS 0x0000000698800000| PB 0x0000000698800000| Complete 
|  94|0x000000069bc00000, 0x000000069c000000, 0x000000069c000000|100%| E|CS|TAMS 0x000000069bc00000| PB 0x000000069bc00000| Complete 

Card table byte_map: [0x0000016bdc420000,0x0000016bdd000000] _byte_map_base: 0x0000016bd8ffe000

Marking Bits: (CMBitMap*) 0x0000016bcb538cb0
 Bits: [0x0000016bdd000000, 0x0000016be2ef0000)

Polling page: 0x0000016bc07c0000

Metaspace:

Usage:
  Non-class:     26.25 MB used.
      Class:      4.16 MB used.
       Both:     30.41 MB used.

Virtual space:
  Non-class space:       64.00 MB reserved,      26.50 MB ( 41%) committed,  1 nodes.
      Class space:        1.00 GB reserved,       4.38 MB ( <1%) committed,  1 nodes.
             Both:        1.06 GB reserved,      30.88 MB (  3%) committed. 

Chunk freelists:
   Non-Class:  4.73 MB
       Class:  11.67 MB
        Both:  16.41 MB

MaxMetaspaceSize: unlimited
CompressedClassSpaceSize: 1.00 GB
Initial GC threshold: 21.00 MB
Current GC threshold: 35.31 MB
CDS: on
 - commit_granule_bytes: 65536.
 - commit_granule_words: 8192.
 - virtual_space_node_default_size: 8388608.
 - enlarge_chunks_in_place: 1.
 - use_allocation_guard: 0.


Internal statistics:

num_allocs_failed_limit: 3.
num_arena_births: 552.
num_arena_deaths: 0.
num_vsnodes_births: 2.
num_vsnodes_deaths: 0.
num_space_committed: 494.
num_space_uncommitted: 0.
num_chunks_returned_to_freelist: 3.
num_chunks_taken_from_freelist: 1447.
num_chunk_merges: 3.
num_chunk_splits: 982.
num_chunks_enlarged: 692.
num_inconsistent_stats: 0.

CodeHeap 'non-profiled nmethods': size=119168Kb used=3678Kb max_used=3678Kb free=115489Kb
 bounds [0x0000016bd3200000, 0x0000016bd35a0000, 0x0000016bda660000]
CodeHeap 'profiled nmethods': size=119104Kb used=13643Kb max_used=13643Kb free=105460Kb
 bounds [0x0000016bcb660000, 0x0000016bcc3c0000, 0x0000016bd2ab0000]
CodeHeap 'non-nmethods': size=7488Kb used=1965Kb max_used=3721Kb free=5522Kb
 bounds [0x0000016bd2ab0000, 0x0000016bd2e70000, 0x0000016bd3200000]
 total_blobs=6168 nmethods=5276 adapters=796
 compilation: enabled
              stopped_count=0, restarted_count=0
 full_count=0

Compilation events (20 events):
Event: 18.291 Thread 0x0000016c2712f090 nmethod 5270 0x0000016bcc3aa710 code [0x0000016bcc3aac60, 0x0000016bcc3adc98]
Event: 18.482 Thread 0x0000016c2712f090 5271       3       javafx.scene.layout.CornerRadii::<init> (313 bytes)
Event: 18.483 Thread 0x0000016c2711d710 5272       4       com.sun.javafx.collections.ObservableMapWrapper::isEmpty (10 bytes)
Event: 18.483 Thread 0x0000016c2712f090 nmethod 5271 0x0000016bcc3b0b10 code [0x0000016bcc3b0d20, 0x0000016bcc3b1918]
Event: 18.483 Thread 0x0000016c2711d710 nmethod 5272 0x0000016bd3595710 code [0x0000016bd35958a0, 0x0000016bd3595978]
Event: 18.483 Thread 0x0000016c2711d710 5273       4       javafx.beans.property.StringPropertyBase::get (5 bytes)
Event: 18.483 Thread 0x0000016c2711d710 nmethod 5273 0x0000016bd3595a90 code [0x0000016bd3595c20, 0x0000016bd3595cd0]
Event: 18.484 Thread 0x0000016c2712f090 5274       3       com.sun.prism.impl.ManagedResource::lock (20 bytes)
Event: 18.484 Thread 0x0000016c2712f090 nmethod 5274 0x0000016bcc3b2190 code [0x0000016bcc3b2320, 0x0000016bcc3b2440]
Event: 18.702 Thread 0x0000016c2712f090 5275       3       com.sun.javafx.util.Logging::getInputLogger (18 bytes)
Event: 18.702 Thread 0x0000016c2712f090 nmethod 5275 0x0000016bcc3b2510 code [0x0000016bcc3b26c0, 0x0000016bcc3b2890]
Event: 164.603 Thread 0x0000016c2711d710 5276       4       com.sun.javafx.tk.quantum.QuantumToolkit::postPulse (133 bytes)
Event: 164.605 Thread 0x0000016c2711d710 nmethod 5276 0x0000016bd3595d90 code [0x0000016bd3595f60, 0x0000016bd3596240]
Event: 164.605 Thread 0x0000016c2711d710 5277       4       com.sun.javafx.tk.quantum.QuantumToolkit$$Lambda/0x0000016be7085158::run (8 bytes)
Event: 164.606 Thread 0x0000016c2712f090 5278       3       java.util.concurrent.ThreadPoolExecutor::workerCountOf (5 bytes)
Event: 164.606 Thread 0x0000016c2712f090 nmethod 5278 0x0000016bcc3b2990 code [0x0000016bcc3b2b20, 0x0000016bcc3b2c18]
Event: 164.607 Thread 0x0000016c2711d710 nmethod 5277 0x0000016bd3596990 code [0x0000016bd3596b80, 0x0000016bd3596f48]
Event: 164.628 Thread 0x0000016c2711d710 5280       4       java.util.concurrent.ConcurrentHashMap$Traverser::advance (188 bytes)
Event: 164.628 Thread 0x0000016c2712f090 5279       1       java.util.logging.Logger::getName (5 bytes)
Event: 164.628 Thread 0x0000016c2712f090 nmethod 5279 0x0000016bd3597810 code [0x0000016bd35979a0, 0x0000016bd3597a70]

GC Heap History (10 events):
Event: 0.626 GC heap before
{Heap before GC invocations=0 (full 0):
 garbage-first heap   total 389120K, used 20480K [0x0000000684400000, 0x0000000800000000)
  region size 4096K, 5 young (20480K), 0 survivors (0K)
 Metaspace       used 3441K, committed 3648K, reserved 1114112K
  class space    used 337K, committed 448K, reserved 1048576K
}
Event: 0.629 GC heap after
{Heap after GC invocations=1 (full 0):
 garbage-first heap   total 389120K, used 2298K [0x0000000684400000, 0x0000000800000000)
  region size 4096K, 1 young (4096K), 1 survivors (4096K)
 Metaspace       used 3441K, committed 3648K, reserved 1114112K
  class space    used 337K, committed 448K, reserved 1048576K
}
Event: 1.242 GC heap before
{Heap before GC invocations=1 (full 0):
 garbage-first heap   total 389120K, used 35066K [0x0000000684400000, 0x0000000800000000)
  region size 4096K, 10 young (40960K), 1 survivors (4096K)
 Metaspace       used 11974K, committed 12352K, reserved 1114112K
  class space    used 1563K, committed 1728K, reserved 1048576K
}
Event: 1.246 GC heap after
{Heap after GC invocations=2 (full 0):
 garbage-first heap   total 389120K, used 6158K [0x0000000684400000, 0x0000000800000000)
  region size 4096K, 2 young (8192K), 2 survivors (8192K)
 Metaspace       used 11974K, committed 12352K, reserved 1114112K
  class space    used 1563K, committed 1728K, reserved 1048576K
}
Event: 3.067 GC heap before
{Heap before GC invocations=2 (full 0):
 garbage-first heap   total 389120K, used 47118K [0x0000000684400000, 0x0000000800000000)
  region size 4096K, 13 young (53248K), 2 survivors (8192K)
 Metaspace       used 21173K, committed 21504K, reserved 1114112K
  class space    used 2909K, committed 3072K, reserved 1048576K
}
Event: 3.073 GC heap after
{Heap after GC invocations=3 (full 0):
 garbage-first heap   total 389120K, used 16384K [0x0000000684400000, 0x0000000800000000)
  region size 4096K, 3 young (12288K), 3 survivors (12288K)
 Metaspace       used 21173K, committed 21504K, reserved 1114112K
  class space    used 2909K, committed 3072K, reserved 1048576K
}
Event: 8.252 GC heap before
{Heap before GC invocations=4 (full 0):
 garbage-first heap   total 57344K, used 57344K [0x0000000684400000, 0x0000000800000000)
  region size 4096K, 13 young (53248K), 3 survivors (12288K)
 Metaspace       used 28306K, committed 28800K, reserved 1114112K
  class space    used 3822K, committed 4032K, reserved 1048576K
}
Event: 8.260 GC heap after
{Heap after GC invocations=5 (full 0):
 garbage-first heap   total 73728K, used 18168K [0x0000000684400000, 0x0000000800000000)
  region size 4096K, 4 young (16384K), 4 survivors (16384K)
 Metaspace       used 28306K, committed 28800K, reserved 1114112K
  class space    used 3822K, committed 4032K, reserved 1048576K
}
Event: 8.963 GC heap before
{Heap before GC invocations=5 (full 0):
 garbage-first heap   total 73728K, used 42744K [0x0000000684400000, 0x0000000800000000)
  region size 4096K, 10 young (40960K), 4 survivors (16384K)
 Metaspace       used 30574K, committed 31040K, reserved 1114112K
  class space    used 4234K, committed 4416K, reserved 1048576K
}
Event: 8.977 GC heap after
{Heap after GC invocations=6 (full 0):
 garbage-first heap   total 73728K, used 20632K [0x0000000684400000, 0x0000000800000000)
  region size 4096K, 2 young (8192K), 2 survivors (8192K)
 Metaspace       used 30574K, committed 31040K, reserved 1114112K
  class space    used 4234K, committed 4416K, reserved 1048576K
}

Dll operation events (20 events):
Event: 0.546 Loaded shared library C:\Users\Serein\.openjfx\cache\21+31\amd64\api-ms-win-crt-multibyte-l1-1-0.dll
Event: 0.550 Loaded shared library C:\Users\Serein\.openjfx\cache\21+31\amd64\api-ms-win-crt-private-l1-1-0.dll
Event: 0.554 Loaded shared library C:\Users\Serein\.openjfx\cache\21+31\amd64\api-ms-win-crt-process-l1-1-0.dll
Event: 0.558 Loaded shared library C:\Users\Serein\.openjfx\cache\21+31\amd64\api-ms-win-crt-runtime-l1-1-0.dll
Event: 0.562 Loaded shared library C:\Users\Serein\.openjfx\cache\21+31\amd64\api-ms-win-crt-stdio-l1-1-0.dll
Event: 0.566 Loaded shared library C:\Users\Serein\.openjfx\cache\21+31\amd64\api-ms-win-crt-string-l1-1-0.dll
Event: 0.570 Loaded shared library C:\Users\Serein\.openjfx\cache\21+31\amd64\api-ms-win-crt-time-l1-1-0.dll
Event: 0.574 Loaded shared library C:\Users\Serein\.openjfx\cache\21+31\amd64\api-ms-win-crt-utility-l1-1-0.dll
Event: 0.589 Loaded shared library C:\Users\Serein\.openjfx\cache\21+31\amd64\ucrtbase.dll
Event: 0.594 Loaded shared library C:\Users\Serein\.openjfx\cache\21+31\amd64\vcruntime140.dll
Event: 0.597 Loaded shared library C:\Users\Serein\.openjfx\cache\21+31\amd64\vcruntime140_1.dll
Event: 0.606 Loaded shared library C:\Users\Serein\.openjfx\cache\21+31\amd64\msvcp140.dll
Event: 0.609 Loaded shared library C:\Users\Serein\.openjfx\cache\21+31\amd64\msvcp140_1.dll
Event: 0.614 Loaded shared library C:\Users\Serein\.openjfx\cache\21+31\amd64\msvcp140_2.dll
Event: 0.659 Loaded shared library C:\Users\Serein\.openjfx\cache\21+31\amd64\prism_d3d.dll
Event: 0.739 Loaded shared library C:\Users\Serein\.openjfx\cache\21+31\amd64\glass.dll
Event: 0.916 Loaded shared library C:\Users\Serein\.jdks\corretto-21.0.6\bin\jimage.dll
Event: 1.066 Loaded shared library C:\Users\Serein\.openjfx\cache\21+31\amd64\javafx_iio.dll
Event: 1.137 Loaded shared library C:\Users\Serein\.openjfx\cache\21+31\amd64\javafx_font.dll
Event: 3.004 Loaded shared library C:\Users\Serein\.jdks\corretto-21.0.6\bin\sunmscapi.dll

Deoptimization events (20 events):
Event: 12.183 Thread 0x0000016c2d7f5a50 Uncommon trap: trap_request=0xffffffd6 fr.pc=0x0000016bd35008b0 relative=0x00000000000003d0
Event: 12.183 Thread 0x0000016c2d7f5a50 Uncommon trap: reason=array_check action=maybe_recompile pc=0x0000016bd35008b0 method=javafx.css.CompoundSelector.applies(Ljavafx/css/Styleable;[Ljava/util/Set;I)Z @ 133 c2
Event: 12.183 Thread 0x0000016c2d7f5a50 DEOPT PACKING pc=0x0000016bd35008b0 sp=0x00000062bc8f7e70
Event: 12.183 Thread 0x0000016c2d7f5a50 DEOPT UNPACKING pc=0x0000016bd2b046a2 sp=0x00000062bc8f7e18 mode 2
Event: 12.187 Thread 0x0000016c2d7f5a50 Uncommon trap: trap_request=0xfffffff4 fr.pc=0x0000016bd352ca10 relative=0x0000000000009550
Event: 12.187 Thread 0x0000016c2d7f5a50 Uncommon trap: reason=null_check action=make_not_entrant pc=0x0000016bd352ca10 method=javafx.scene.CssStyleHelper.getCachedFont(Ljavafx/css/Styleable;)Lcom/sun/javafx/css/CalculatedValue; @ 114 c2
Event: 12.187 Thread 0x0000016c2d7f5a50 DEOPT PACKING pc=0x0000016bd352ca10 sp=0x00000062bc8f9500
Event: 12.187 Thread 0x0000016c2d7f5a50 DEOPT UNPACKING pc=0x0000016bd2b046a2 sp=0x00000062bc8f9410 mode 2
Event: 12.195 Thread 0x0000016c2d7f5a50 Uncommon trap: trap_request=0xffffff45 fr.pc=0x0000016bd355aa48 relative=0x00000000000005c8
Event: 12.195 Thread 0x0000016c2d7f5a50 Uncommon trap: reason=unstable_if action=reinterpret pc=0x0000016bd355aa48 method=javafx.css.CompoundSelector.applies(Ljavafx/css/Styleable;[Ljava/util/Set;I)Z @ 112 c2
Event: 12.195 Thread 0x0000016c2d7f5a50 DEOPT PACKING pc=0x0000016bd355aa48 sp=0x00000062bc8f8650
Event: 12.195 Thread 0x0000016c2d7f5a50 DEOPT UNPACKING pc=0x0000016bd2b046a2 sp=0x00000062bc8f8618 mode 2
Event: 12.348 Thread 0x0000016c2d7f5a50 Uncommon trap: trap_request=0xffffff6e fr.pc=0x0000016bd354a54c relative=0x00000000000001cc
Event: 12.348 Thread 0x0000016c2d7f5a50 Uncommon trap: reason=loop_limit_check action=maybe_recompile pc=0x0000016bd354a54c method=javafx.scene.Parent.pickChildrenNode(Lcom/sun/javafx/geom/PickRay;Lcom/sun/javafx/scene/input/PickResultChooser;)Z @ 17 c2
Event: 12.348 Thread 0x0000016c2d7f5a50 DEOPT PACKING pc=0x0000016bd354a54c sp=0x00000062bc8fa880
Event: 12.348 Thread 0x0000016c2d7f5a50 DEOPT UNPACKING pc=0x0000016bd2b046a2 sp=0x00000062bc8fa780 mode 2
Event: 164.629 Thread 0x0000016c2cb70a60 DEOPT PACKING pc=0x0000016bcc310a8c sp=0x00000062bc6fed50
Event: 164.629 Thread 0x0000016c2cb70a60 DEOPT UNPACKING pc=0x0000016bd2b04e42 sp=0x00000062bc6fe288 mode 1
Event: 164.630 Thread 0x0000016c274cb330 DEOPT PACKING pc=0x0000016bcb9118dc sp=0x00000062bbfff690
Event: 164.630 Thread 0x0000016c274cb330 DEOPT UNPACKING pc=0x0000016bd2b04e42 sp=0x00000062bbffeaf0 mode 1

Classes loaded (20 events):
Event: 12.186 Loading class javafx/beans/Observable
Event: 12.186 Loading class javafx/beans/Observable done
Event: 12.206 Loading class javafx/stage/PopupWindow
Event: 12.206 Loading class javafx/stage/PopupWindow done
Event: 12.206 Loading class javafx/beans/value/ObservableValue
Event: 12.206 Loading class javafx/beans/value/ObservableValue done
Event: 12.215 Loading class com/sun/javafx/tk/quantum/SceneState
Event: 12.215 Loading class com/sun/javafx/tk/quantum/SceneState done
Event: 12.215 Loading class com/sun/prism/PixelSource
Event: 12.215 Loading class com/sun/prism/PixelSource done
Event: 12.964 Loading class com/sun/javafx/tk/quantum/WindowStage
Event: 12.964 Loading class com/sun/javafx/tk/quantum/WindowStage done
Event: 13.965 Loading class com/sun/javafx/tk/quantum/GlassViewEventHandler
Event: 13.965 Loading class com/sun/javafx/tk/quantum/GlassViewEventHandler done
Event: 164.627 Loading class jdk/internal/misc/Signal$1
Event: 164.627 Loading class jdk/internal/misc/Signal$1 done
Event: 164.628 Loading class com/sun/javafx/tk/quantum/QuantumRenderer
Event: 164.628 Loading class com/sun/javafx/tk/quantum/QuantumRenderer done
Event: 164.629 Loading class com/sun/javafx/tk/quantum/QuantumToolkit
Event: 164.629 Loading class com/sun/javafx/tk/quantum/QuantumToolkit done

Classes unloaded (0 events):
No events

Classes redefined (1 events):
Event: 0.283 Thread 0x0000016c270e9020 redefined class name=java.lang.Throwable, count=1

Internal exceptions (20 events):
Event: 2.990 Thread 0x0000016c2d7f5a50 Exception <a 'java/lang/NoSuchMethodError'{0x000000069988a220}: 'java.lang.Object java.lang.invoke.DirectMethodHandle$Holder.invokeStatic(java.lang.Object, int, java.lang.Object, java.lang.Object)'> (0x000000069988a220) 
thrown [s\src\hotspot\share\interpreter\linkResolver.cpp, line 773]
Event: 2.990 Thread 0x0000016c2d7f5a50 Exception <a 'java/lang/NoSuchMethodError'{0x000000069988e378}: 'java.lang.Object java.lang.invoke.DirectMethodHandle$Holder.invokeSpecial(java.lang.Object, java.lang.Object, int, java.lang.Object, java.lang.Object)'> (0x000000069988e378) 
thrown [s\src\hotspot\share\interpreter\linkResolver.cpp, line 773]
Event: 2.990 Thread 0x0000016c2d7f5a50 Exception <a 'java/lang/NoSuchMethodError'{0x0000000699892278}: 'java.lang.Object java.lang.invoke.DelegatingMethodHandle$Holder.delegate(java.lang.Object, int, java.lang.Object, java.lang.Object)'> (0x0000000699892278) 
thrown [s\src\hotspot\share\interpreter\linkResolver.cpp, line 773]
Event: 2.991 Thread 0x0000016c2d7f5a50 Exception <a 'java/lang/NoSuchMethodError'{0x00000006998a2750}: 'int java.lang.invoke.Invokers$Holder.linkToTargetMethod(java.lang.Object, java.lang.Object, java.lang.Object)'> (0x00000006998a2750) 
thrown [s\src\hotspot\share\interpreter\linkResolver.cpp, line 773]
Event: 2.994 Thread 0x0000016c2d7f5a50 Exception <a 'java/lang/NoSuchMethodError'{0x00000006998bd530}: 'long java.lang.invoke.DirectMethodHandle$Holder.invokeSpecial(java.lang.Object, java.lang.Object)'> (0x00000006998bd530) 
thrown [s\src\hotspot\share\interpreter\linkResolver.cpp, line 773]
Event: 2.994 Thread 0x0000016c2d7f5a50 Exception <a 'java/lang/NoSuchMethodError'{0x00000006998c3a60}: 'int java.lang.invoke.DirectMethodHandle$Holder.invokeStatic(java.lang.Object, java.lang.Object, java.lang.Object, java.lang.Object)'> (0x00000006998c3a60) 
thrown [s\src\hotspot\share\interpreter\linkResolver.cpp, line 773]
Event: 3.030 Thread 0x0000016c2d7f5a50 Exception <a 'sun/nio/fs/WindowsException'{0x0000000699a7d1e0}> (0x0000000699a7d1e0) 
thrown [s\src\hotspot\share\prims\jni.cpp, line 520]
Event: 3.034 Thread 0x0000016c2d7f5a50 Exception <a 'sun/nio/fs/WindowsException'{0x0000000699a9e2f0}> (0x0000000699a9e2f0) 
thrown [s\src\hotspot\share\prims\jni.cpp, line 520]
Event: 3.120 Thread 0x0000016c2d7f5a50 Exception <a 'java/lang/NoSuchMethodError'{0x00000006867ebd10}: 'java.lang.Object java.lang.invoke.DirectMethodHandle$Holder.invokeStaticInit(java.lang.Object, int, int, int, int)'> (0x00000006867ebd10) 
thrown [s\src\hotspot\share\interpreter\linkResolver.cpp, line 773]
Event: 3.140 Thread 0x0000016c2d7f5a50 Exception <a 'java/lang/NoSuchMethodError'{0x00000006860cc498}: 'java.lang.Object java.lang.invoke.DirectMethodHandle$Holder.invokeStaticInit(java.lang.Object, java.lang.Object, int, int, int, int)'> (0x00000006860cc498) 
thrown [s\src\hotspot\share\interpreter\linkResolver.cpp, line 773]
Event: 3.176 Thread 0x0000016c2d7f5a50 Exception <a 'sun/nio/fs/WindowsException'{0x000000068624a8a0}> (0x000000068624a8a0) 
thrown [s\src\hotspot\share\prims\jni.cpp, line 520]
Event: 3.183 Thread 0x0000016c2d7f5a50 Exception <a 'java/lang/ClassNotFoundException'{0x000000068626a658}: jdk/net/ExtendedSocketOptions> (0x000000068626a658) 
thrown [s\src\hotspot\share\classfile\systemDictionary.cpp, line 312]
Event: 3.204 Thread 0x0000016c2d7f5a50 Exception <a 'sun/nio/fs/WindowsException'{0x0000000686370af0}> (0x0000000686370af0) 
thrown [s\src\hotspot\share\prims\jni.cpp, line 520]
Event: 3.212 Thread 0x0000016c2d7f5a50 Exception <a 'java/lang/NoSuchMethodError'{0x00000006863bedc8}: 'java.lang.Object java.lang.invoke.DirectMethodHandle$Holder.invokeSpecial(java.lang.Object, java.lang.Object, java.lang.Object, java.lang.Object, int)'> (0x00000006863bedc8) 
thrown [s\src\hotspot\share\interpreter\linkResolver.cpp, line 773]
Event: 3.213 Thread 0x0000016c2d7f5a50 Exception <a 'java/lang/NoSuchMethodError'{0x00000006863c2820}: 'java.lang.Object java.lang.invoke.Invokers$Holder.linkToTargetMethod(java.lang.Object, java.lang.Object, int, java.lang.Object)'> (0x00000006863c2820) 
thrown [s\src\hotspot\share\interpreter\linkResolver.cpp, line 773]
Event: 3.228 Thread 0x0000016c33d74460 Exception <a 'java/lang/NoSuchMethodError'{0x0000000685c15930}: 'void java.lang.invoke.DirectMethodHandle$Holder.invokeStatic(java.lang.Object, java.lang.Object, int)'> (0x0000000685c15930) 
thrown [s\src\hotspot\share\interpreter\linkResolver.cpp, line 773]
Event: 3.532 Thread 0x0000016c33d71d00 Exception <a 'java/lang/NoSuchMethodError'{0x0000000685fba968}: 'java.lang.Object java.lang.invoke.DirectMethodHandle$Holder.newInvokeSpecial(java.lang.Object, java.lang.Object, long, java.lang.Object, java.lang.Object, java.lang.Object)'> (0x0000000685fba968) 
thrown [s\src\hotspot\share\interpreter\linkResolver.cpp, line 773]
Event: 3.534 Thread 0x0000016c33d71d00 Exception <a 'java/lang/NoSuchMethodError'{0x0000000685fd5c70}: 'void java.lang.invoke.DirectMethodHandle$Holder.invokeSpecial(java.lang.Object, java.lang.Object, java.lang.Object, java.lang.Object, java.lang.Object, java.lang.Object, java.lang.Object)'> (0x0000000685fd5c70) 
thrown [s\src\hotspot\share\interpreter\linkResolver.cpp, line 773]
Event: 4.212 Thread 0x0000016c2d7f5a50 Exception <a 'java/lang/NoSuchMethodError'{0x000000068516d828}: 'void java.lang.invoke.DirectMethodHandle$Holder.invokeSpecialIFC(java.lang.Object, java.lang.Object, java.lang.Object, java.lang.Object)'> (0x000000068516d828) 
thrown [s\src\hotspot\share\interpreter\linkResolver.cpp, line 773]
Event: 8.523 Thread 0x0000016c2cb70a60 Exception <a 'java/lang/NoSuchMethodError'{0x00000006866a9870}: 'java.lang.Object java.lang.invoke.DirectMethodHandle$Holder.invokeStaticInit(java.lang.Object, int)'> (0x00000006866a9870) 
thrown [s\src\hotspot\share\interpreter\linkResolver.cpp, line 773]

ZGC Phase Switch (0 events):
No events

VM Operations (20 events):
Event: 22.528 Executing VM operation: get/set locals done
Event: 26.447 Executing VM operation: ChangeBreakpoints
Event: 26.447 Executing VM operation: ChangeBreakpoints done
Event: 34.719 Executing VM operation: ChangeBreakpoints
Event: 34.720 Executing VM operation: ChangeBreakpoints done
Event: 60.204 Executing VM operation: HandshakeAllThreads (HandshakeForDeflation)
Event: 60.204 Executing VM operation: HandshakeAllThreads (HandshakeForDeflation) done
Event: 60.204 Executing VM operation: RendezvousGCThreads
Event: 60.204 Executing VM operation: RendezvousGCThreads done
Event: 164.595 Executing VM operation: ChangeBreakpoints
Event: 164.595 Executing VM operation: ChangeBreakpoints done
Event: 164.595 Executing VM operation: ChangeBreakpoints
Event: 164.595 Executing VM operation: ChangeBreakpoints done
Event: 164.595 Executing VM operation: ChangeBreakpoints
Event: 164.595 Executing VM operation: ChangeBreakpoints done
Event: 164.596 Executing VM operation: ChangeBreakpoints
Event: 164.597 Executing VM operation: ChangeBreakpoints done
Event: 164.598 Executing VM operation: ChangeBreakpoints
Event: 164.598 Executing VM operation: ChangeBreakpoints done
Event: 164.631 Executing VM operation: Exit

Memory protections (0 events):
No events

Nmethod flushes (0 events):
No events

Events (20 events):
Event: 11.075 Thread 0x0000016c3d42d1e0 Thread exited: 0x0000016c3d42d1e0
Event: 11.571 Thread 0x0000016c3d42c440 Thread exited: 0x0000016c3d42c440
Event: 12.187 Thread 0x0000016c2712f090 Thread added: 0x0000016c3d42cb10
Event: 12.342 Thread 0x0000016c3d42cb10 Thread exited: 0x0000016c3d42cb10
Event: 16.259 Thread 0x0000016c2726bd10 Thread exited: 0x0000016c2726bd10
Event: 164.593 Thread 0x0000016c2c856750 Thread exited: 0x0000016c2c856750
Event: 164.599 Thread 0x0000016c3373a0b0 Thread exited: 0x0000016c3373a0b0
Event: 164.599 Thread 0x0000016c33739390 Thread exited: 0x0000016c33739390
Event: 164.599 Thread 0x0000016c33d71d00 Thread exited: 0x0000016c33d71d00
Event: 164.602 Thread 0x0000016c2d7f5a50 Thread added: 0x0000016c274c98f0
Event: 164.602 Thread 0x0000016c2c4f01c0 Thread exited: 0x0000016c2c4f01c0
Event: 164.605 Thread 0x0000016c274c98f0 Thread added: 0x0000016c274c8bd0
Event: 164.606 Thread 0x0000016c274c98f0 Thread added: 0x0000016c274ca610
Event: 164.627 Thread 0x0000016c271148a0 Thread added: 0x0000016c274caca0
Event: 164.628 Thread 0x0000016c274caca0 Thread added: 0x0000016c274c7820
Event: 164.628 Thread 0x0000016c274caca0 Thread added: 0x0000016c274cb330
Event: 164.628 Thread 0x0000016c274c7820 Thread exited: 0x0000016c274c7820
Event: 164.630 Thread 0x0000016c274cb330 Thread exited: 0x0000016c274cb330
Event: 164.630 Thread 0x0000016c274caca0 Before exit entered
Event: 164.631 Thread 0x0000016c271148a0 Thread exited: 0x0000016c271148a0


Dynamic libraries:
0x00007ff731b80000 - 0x00007ff731b8e000 	C:\Users\Serein\.jdks\corretto-21.0.6\bin\java.exe
0x00007ff84b340000 - 0x00007ff84b5a6000 	C:\WINDOWS\SYSTEM32\ntdll.dll
0x00007ff849c30000 - 0x00007ff849cf9000 	C:\WINDOWS\System32\KERNEL32.DLL
0x00007ff848a10000 - 0x00007ff848ddc000 	C:\WINDOWS\System32\KERNELBASE.dll
0x00007ff8488c0000 - 0x00007ff848a0b000 	C:\WINDOWS\System32\ucrtbase.dll
0x00007ff842890000 - 0x00007ff8428a8000 	C:\Users\Serein\.jdks\corretto-21.0.6\bin\jli.dll
0x00007ff84ac20000 - 0x00007ff84adea000 	C:\WINDOWS\System32\USER32.dll
0x00007ff840ae0000 - 0x00007ff840afb000 	C:\Users\Serein\.jdks\corretto-21.0.6\bin\VCRUNTIME140.dll
0x00007ff848f60000 - 0x00007ff848f87000 	C:\WINDOWS\System32\win32u.dll
0x00007ff849100000 - 0x00007ff84912b000 	C:\WINDOWS\System32\GDI32.dll
0x00007ff848780000 - 0x00007ff8488b2000 	C:\WINDOWS\System32\gdi32full.dll
0x00007ff848f90000 - 0x00007ff849033000 	C:\WINDOWS\System32\msvcp_win.dll
0x00007ff82d9e0000 - 0x00007ff82dc7a000 	C:\WINDOWS\WinSxS\amd64_microsoft.windows.common-controls_6595b64144ccf1df_6.0.26100.3912_none_3e07963ce335137e\COMCTL32.dll
0x00007ff84b240000 - 0x00007ff84b2e9000 	C:\WINDOWS\System32\msvcrt.dll
0x00007ff8492e0000 - 0x00007ff849310000 	C:\WINDOWS\System32\IMM32.DLL
0x00007ff836a20000 - 0x00007ff836a2c000 	C:\Users\Serein\.jdks\corretto-21.0.6\bin\vcruntime140_1.dll
0x00007ff836990000 - 0x00007ff836a1d000 	C:\Users\Serein\.jdks\corretto-21.0.6\bin\msvcp140.dll
0x00007fffa9ad0000 - 0x00007fffaa86f000 	C:\Users\Serein\.jdks\corretto-21.0.6\bin\server\jvm.dll
0x00007ff84aab0000 - 0x00007ff84ab62000 	C:\WINDOWS\System32\ADVAPI32.dll
0x00007ff84ab70000 - 0x00007ff84ac16000 	C:\WINDOWS\System32\sechost.dll
0x00007ff849320000 - 0x00007ff849436000 	C:\WINDOWS\System32\RPCRT4.dll
0x00007ff84a9d0000 - 0x00007ff84aa44000 	C:\WINDOWS\System32\WS2_32.dll
0x00007ff847120000 - 0x00007ff84717e000 	C:\WINDOWS\SYSTEM32\POWRPROF.dll
0x00007ff83e740000 - 0x00007ff83e776000 	C:\WINDOWS\SYSTEM32\WINMM.dll
0x00007ff83e3f0000 - 0x00007ff83e3fb000 	C:\WINDOWS\SYSTEM32\VERSION.dll
0x00007ff847100000 - 0x00007ff847114000 	C:\WINDOWS\SYSTEM32\UMPDC.dll
0x00007ff8473b0000 - 0x00007ff8473ca000 	C:\WINDOWS\SYSTEM32\kernel.appcore.dll
0x00007ff836180000 - 0x00007ff83618a000 	C:\Users\Serein\.jdks\corretto-21.0.6\bin\jimage.dll
0x00007ff845c30000 - 0x00007ff845e71000 	C:\WINDOWS\SYSTEM32\DBGHELP.DLL
0x00007ff849490000 - 0x00007ff849814000 	C:\WINDOWS\System32\combase.dll
0x00007ff84b0a0000 - 0x00007ff84b180000 	C:\WINDOWS\System32\OLEAUT32.dll
0x00007ff82de90000 - 0x00007ff82dec9000 	C:\WINDOWS\SYSTEM32\dbgcore.DLL
0x00007ff848650000 - 0x00007ff8486e9000 	C:\WINDOWS\System32\bcryptPrimitives.dll
0x00007ff80bf90000 - 0x00007ff80bfcc000 	C:\Users\Serein\.jdks\corretto-21.0.6\bin\jdwp.dll
0x00007fffa9090000 - 0x00007fffa929e000 	C:\Users\Serein\AppData\Local\Temp\idea_libasyncProfiler_dll_temp_folder7\libasyncProfiler.dll
0x00007ff81d170000 - 0x00007ff81d17e000 	C:\Users\Serein\.jdks\corretto-21.0.6\bin\instrument.dll
0x00007ff836160000 - 0x00007ff83617f000 	C:\Users\Serein\.jdks\corretto-21.0.6\bin\java.dll
0x00007ff81dac0000 - 0x00007ff81dad8000 	C:\Users\Serein\.jdks\corretto-21.0.6\bin\zip.dll
0x00007ff849d10000 - 0x00007ff84a43d000 	C:\WINDOWS\System32\SHELL32.dll
0x00007ff848de0000 - 0x00007ff848f54000 	C:\WINDOWS\System32\wintypes.dll
0x00007ff8461a0000 - 0x00007ff8469f6000 	C:\WINDOWS\SYSTEM32\windows.storage.dll
0x00007ff84a8d0000 - 0x00007ff84a9bf000 	C:\WINDOWS\System32\SHCORE.dll
0x00007ff84b030000 - 0x00007ff84b099000 	C:\WINDOWS\System32\shlwapi.dll
0x00007ff8483e0000 - 0x00007ff84840f000 	C:\WINDOWS\SYSTEM32\profapi.dll
0x00007ff8083a0000 - 0x00007ff808477000 	C:\Users\Serein\.jdks\corretto-21.0.6\bin\jsvml.dll
0x00007ff836150000 - 0x00007ff836160000 	C:\Users\Serein\.jdks\corretto-21.0.6\bin\net.dll
0x00007ff83e2b0000 - 0x00007ff83e3ce000 	C:\WINDOWS\SYSTEM32\WINHTTP.dll
0x00007ff847920000 - 0x00007ff84798a000 	C:\WINDOWS\system32\mswsock.dll
0x00007ff836130000 - 0x00007ff836146000 	C:\Users\Serein\.jdks\corretto-21.0.6\bin\nio.dll
0x00007ff836e60000 - 0x00007ff836e6b000 	C:\Users\Serein\.jdks\corretto-21.0.6\bin\dt_socket.dll
0x00007ff846e10000 - 0x00007ff846e43000 	C:\WINDOWS\SYSTEM32\IPHLPAPI.DLL
0x0000016bc23f0000 - 0x0000016bc23f3000 	C:\Users\Serein\.openjfx\cache\21+31\amd64\api-ms-win-core-console-l1-1-0.dll
0x0000016bc2400000 - 0x0000016bc2403000 	C:\Users\Serein\.openjfx\cache\21+31\amd64\api-ms-win-core-console-l1-2-0.dll
0x0000016bc2410000 - 0x0000016bc2413000 	C:\Users\Serein\.openjfx\cache\21+31\amd64\api-ms-win-core-datetime-l1-1-0.dll
0x0000016be5fb0000 - 0x0000016be5fb3000 	C:\Users\Serein\.openjfx\cache\21+31\amd64\api-ms-win-core-debug-l1-1-0.dll
0x0000016be5fc0000 - 0x0000016be5fc3000 	C:\Users\Serein\.openjfx\cache\21+31\amd64\api-ms-win-core-errorhandling-l1-1-0.dll
0x0000016be5fd0000 - 0x0000016be5fd4000 	C:\Users\Serein\.openjfx\cache\21+31\amd64\api-ms-win-core-file-l1-1-0.dll
0x0000016be5fe0000 - 0x0000016be5fe3000 	C:\Users\Serein\.openjfx\cache\21+31\amd64\api-ms-win-core-file-l1-2-0.dll
0x0000016be5ff0000 - 0x0000016be5ff3000 	C:\Users\Serein\.openjfx\cache\21+31\amd64\api-ms-win-core-file-l2-1-0.dll
0x0000016c27df0000 - 0x0000016c27df3000 	C:\Users\Serein\.openjfx\cache\21+31\amd64\api-ms-win-core-handle-l1-1-0.dll
0x0000016c27c00000 - 0x0000016c27c03000 	C:\Users\Serein\.openjfx\cache\21+31\amd64\api-ms-win-core-heap-l1-1-0.dll
0x0000016c27c10000 - 0x0000016c27c13000 	C:\Users\Serein\.openjfx\cache\21+31\amd64\api-ms-win-core-interlocked-l1-1-0.dll
0x0000016c27c20000 - 0x0000016c27c23000 	C:\Users\Serein\.openjfx\cache\21+31\amd64\api-ms-win-core-libraryloader-l1-1-0.dll
0x0000016c27c30000 - 0x0000016c27c33000 	C:\Users\Serein\.openjfx\cache\21+31\amd64\api-ms-win-core-localization-l1-2-0.dll
0x0000016c27c40000 - 0x0000016c27c43000 	C:\Users\Serein\.openjfx\cache\21+31\amd64\api-ms-win-core-memory-l1-1-0.dll
0x0000016c27c50000 - 0x0000016c27c53000 	C:\Users\Serein\.openjfx\cache\21+31\amd64\api-ms-win-core-namedpipe-l1-1-0.dll
0x0000016c27c60000 - 0x0000016c27c63000 	C:\Users\Serein\.openjfx\cache\21+31\amd64\api-ms-win-core-processenvironment-l1-1-0.dll
0x0000016c27c70000 - 0x0000016c27c73000 	C:\Users\Serein\.openjfx\cache\21+31\amd64\api-ms-win-core-processthreads-l1-1-0.dll
0x0000016c27c80000 - 0x0000016c27c83000 	C:\Users\Serein\.openjfx\cache\21+31\amd64\api-ms-win-core-processthreads-l1-1-1.dll
0x0000016c27c90000 - 0x0000016c27c93000 	C:\Users\Serein\.openjfx\cache\21+31\amd64\api-ms-win-core-profile-l1-1-0.dll
0x0000016c27ca0000 - 0x0000016c27ca3000 	C:\Users\Serein\.openjfx\cache\21+31\amd64\api-ms-win-core-rtlsupport-l1-1-0.dll
0x0000016c27cb0000 - 0x0000016c27cb3000 	C:\Users\Serein\.openjfx\cache\21+31\amd64\api-ms-win-core-string-l1-1-0.dll
0x0000016c27cc0000 - 0x0000016c27cc3000 	C:\Users\Serein\.openjfx\cache\21+31\amd64\api-ms-win-core-synch-l1-1-0.dll
0x0000016c27cd0000 - 0x0000016c27cd3000 	C:\Users\Serein\.openjfx\cache\21+31\amd64\api-ms-win-core-synch-l1-2-0.dll
0x0000016c27ce0000 - 0x0000016c27ce3000 	C:\Users\Serein\.openjfx\cache\21+31\amd64\api-ms-win-core-sysinfo-l1-1-0.dll
0x0000016c27cf0000 - 0x0000016c27cf3000 	C:\Users\Serein\.openjfx\cache\21+31\amd64\api-ms-win-core-timezone-l1-1-0.dll
0x0000016c27d00000 - 0x0000016c27d03000 	C:\Users\Serein\.openjfx\cache\21+31\amd64\api-ms-win-core-util-l1-1-0.dll
0x0000016c27d10000 - 0x0000016c27d13000 	C:\Users\Serein\.openjfx\cache\21+31\amd64\api-ms-win-crt-conio-l1-1-0.dll
0x0000016c27d20000 - 0x0000016c27d24000 	C:\Users\Serein\.openjfx\cache\21+31\amd64\api-ms-win-crt-convert-l1-1-0.dll
0x0000016c27d30000 - 0x0000016c27d33000 	C:\Users\Serein\.openjfx\cache\21+31\amd64\api-ms-win-crt-environment-l1-1-0.dll
0x0000016c27d40000 - 0x0000016c27d43000 	C:\Users\Serein\.openjfx\cache\21+31\amd64\api-ms-win-crt-filesystem-l1-1-0.dll
0x0000016c27d50000 - 0x0000016c27d53000 	C:\Users\Serein\.openjfx\cache\21+31\amd64\api-ms-win-crt-heap-l1-1-0.dll
0x0000016c27d60000 - 0x0000016c27d63000 	C:\Users\Serein\.openjfx\cache\21+31\amd64\api-ms-win-crt-locale-l1-1-0.dll
0x0000016c27d70000 - 0x0000016c27d75000 	C:\Users\Serein\.openjfx\cache\21+31\amd64\api-ms-win-crt-math-l1-1-0.dll
0x0000016c27d80000 - 0x0000016c27d85000 	C:\Users\Serein\.openjfx\cache\21+31\amd64\api-ms-win-crt-multibyte-l1-1-0.dll
0x0000016c27d90000 - 0x0000016c27da0000 	C:\Users\Serein\.openjfx\cache\21+31\amd64\api-ms-win-crt-private-l1-1-0.dll
0x0000016c27da0000 - 0x0000016c27da3000 	C:\Users\Serein\.openjfx\cache\21+31\amd64\api-ms-win-crt-process-l1-1-0.dll
0x0000016c27db0000 - 0x0000016c27db4000 	C:\Users\Serein\.openjfx\cache\21+31\amd64\api-ms-win-crt-runtime-l1-1-0.dll
0x0000016c27dc0000 - 0x0000016c27dc4000 	C:\Users\Serein\.openjfx\cache\21+31\amd64\api-ms-win-crt-stdio-l1-1-0.dll
0x0000016c27dd0000 - 0x0000016c27dd4000 	C:\Users\Serein\.openjfx\cache\21+31\amd64\api-ms-win-crt-string-l1-1-0.dll
0x0000016c27de0000 - 0x0000016c27de3000 	C:\Users\Serein\.openjfx\cache\21+31\amd64\api-ms-win-crt-time-l1-1-0.dll
0x0000016c27e00000 - 0x0000016c27e03000 	C:\Users\Serein\.openjfx\cache\21+31\amd64\api-ms-win-crt-utility-l1-1-0.dll
0x00007fffa45d0000 - 0x00007fffa46cc000 	C:\Users\Serein\.openjfx\cache\21+31\amd64\ucrtbase.dll
0x00007ff836e40000 - 0x00007ff836e5b000 	C:\Users\Serein\.openjfx\cache\21+31\amd64\vcruntime140.dll
0x00007ff832e40000 - 0x00007ff832e4c000 	C:\Users\Serein\.openjfx\cache\21+31\amd64\vcruntime140_1.dll
0x00007ffff9a80000 - 0x00007ffff9b0e000 	C:\Users\Serein\.openjfx\cache\21+31\amd64\msvcp140.dll
0x00007ff849130000 - 0x00007ff8492cf000 	C:\WINDOWS\System32\ole32.dll
0x00007ff82f350000 - 0x00007ff82f359000 	C:\Users\Serein\.openjfx\cache\21+31\amd64\msvcp140_1.dll
0x00007ff812c50000 - 0x00007ff812c7f000 	C:\Users\Serein\.openjfx\cache\21+31\amd64\msvcp140_2.dll
0x00007ff80b480000 - 0x00007ff80b4af000 	C:\Users\Serein\.openjfx\cache\21+31\amd64\prism_d3d.dll
0x00007ff80cb00000 - 0x00007ff80ccb5000 	C:\WINDOWS\system32\d3d9.dll
0x00007ff844ed0000 - 0x00007ff844f06000 	C:\WINDOWS\SYSTEM32\dwmapi.dll
0x00007ff845610000 - 0x00007ff845657000 	C:\WINDOWS\SYSTEM32\dxcore.dll
0x00007ff844be0000 - 0x00007ff844c8f000 	C:\WINDOWS\system32\uxtheme.dll
0x00007fffee0a0000 - 0x00007fffee330000 	C:\WINDOWS\System32\DriverStore\FileRepository\iigd_dch.inf_amd64_f93b33e201f14a12\igdumdim64.dll
0x00007fffdbf70000 - 0x00007fffdd4c1000 	C:\WINDOWS\System32\DriverStore\FileRepository\iigd_dch.inf_amd64_f93b33e201f14a12\igd9trinity64.dll
0x00007ff844d70000 - 0x00007ff844ea3000 	C:\WINDOWS\system32\dxgi.dll
0x00007ff844ce0000 - 0x00007ff844d40000 	C:\WINDOWS\SYSTEM32\directxdatabasehelper.dll
0x00007ff848140000 - 0x00007ff848197000 	C:\WINDOWS\SYSTEM32\cfgmgr32.dll
0x00007ff83de60000 - 0x00007ff83e2a1000 	C:\WINDOWS\System32\DriverStore\FileRepository\iigd_dch.inf_amd64_f93b33e201f14a12\igdgmm64.dll
0x00007ff83e440000 - 0x00007ff83e465000 	C:\WINDOWS\System32\DriverStore\FileRepository\iigd_dch.inf_amd64_f93b33e201f14a12\igc64.dll
0x00007fffcc160000 - 0x00007fffcd6a5000 	C:\WINDOWS\System32\DriverStore\FileRepository\iigd_dch.inf_amd64_f93b33e201f14a12\igd9dxva64.dll
0x00007ff84a440000 - 0x00007ff84a8c6000 	C:\WINDOWS\System32\SETUPAPI.dll
0x00007ff8156d0000 - 0x00007ff8173fd000 	C:\WINDOWS\System32\DriverStore\FileRepository\iigd_dch.inf_amd64_f93b33e201f14a12\media_bin_64.dll
0x00007ff808b60000 - 0x00007ff808ba2000 	C:\Users\Serein\.openjfx\cache\21+31\amd64\glass.dll
0x00007ff849a90000 - 0x00007ff849b84000 	C:\WINDOWS\System32\COMDLG32.dll
0x00007ffff4ea0000 - 0x00007ffff4fd3000 	C:\ProgramData\A-Volute\A-Volute.Nahimic\Modules\Scheduled\x64\AudioDevProps2.dll
0x00007ff84aec0000 - 0x00007ff84b01f000 	C:\WINDOWS\System32\MSCTF.dll
0x00007ff838f00000 - 0x00007ff83db9d000 	C:\WINDOWS\System32\DriverStore\FileRepository\iigd_dch.inf_amd64_f93b33e201f14a12\igc-default64.dll
0x00007fffa3de0000 - 0x00007fffa3f27000 	C:\WINDOWS\System32\DriverStore\FileRepository\iigd_dch.inf_amd64_f93b33e201f14a12\igdml64.dll
0x00007ff836a30000 - 0x00007ff836a58000 	C:\WINDOWS\System32\DriverStore\FileRepository\iigd_dch.inf_amd64_f93b33e201f14a12\igdinfo64.dll
0x00007ff847bc0000 - 0x00007ff847bdc000 	C:\WINDOWS\SYSTEM32\CRYPTSP.dll
0x00007ff847310000 - 0x00007ff84734a000 	C:\WINDOWS\system32\rsaenh.dll
0x00007ff847be0000 - 0x00007ff847bec000 	C:\WINDOWS\SYSTEM32\CRYPTBASE.dll
0x00007ff8483b0000 - 0x00007ff8483d6000 	C:\WINDOWS\SYSTEM32\bcrypt.dll
0x00007ff8082e0000 - 0x00007ff80830d000 	C:\Users\Serein\.openjfx\cache\21+31\amd64\javafx_iio.dll
0x00007ff81c5f0000 - 0x00007ff81c604000 	C:\Users\Serein\.openjfx\cache\21+31\amd64\javafx_font.dll
0x00007ff843650000 - 0x00007ff8438b9000 	C:\WINDOWS\SYSTEM32\dwrite.dll

dbghelp: loaded successfully - version: 4.0.5 - missing functions: none
symbol engine: initialized successfully - sym options: 0x614 - pdb path: .;C:\Users\Serein\.jdks\corretto-21.0.6\bin;C:\WINDOWS\SYSTEM32;C:\WINDOWS\WinSxS\amd64_microsoft.windows.common-controls_6595b64144ccf1df_6.0.26100.3912_none_3e07963ce335137e;C:\Users\Serein\.jdks\corretto-21.0.6\bin\server;C:\Users\Serein\AppData\Local\Temp\idea_libasyncProfiler_dll_temp_folder7;C:\Users\Serein\.openjfx\cache\21+31\amd64;C:\WINDOWS\System32\DriverStore\FileRepository\iigd_dch.inf_amd64_f93b33e201f14a12;C:\ProgramData\A-Volute\A-Volute.Nahimic\Modules\Scheduled\x64;C:\Program Files\Common Files\Microsoft Shared\Ink

VM Arguments:
jvm_args: -agentlib:jdwp=transport=dt_socket,address=127.0.0.1:58698,suspend=y,server=n -agentpath:C:\Users\Serein\AppData\Local\Temp\idea_libasyncProfiler_dll_temp_folder7\libasyncProfiler.dll=version,jfr,event=wall,interval=10ms,cstack=no,file=C:\Users\Serein\IdeaSnapshots\MainApplication_2025_05_19_080224.jfr,dbghelppath=C:\Users\Serein\AppData\Local\Temp\idea_dbghelp_dll_temp_folder\dbghelp.dll,log=C:\Users\Serein\AppData\Local\Temp\MainApplication_2025_05_19_080224.jfr.log.txt,logLevel=DEBUG -javaagent:C:\Users\Serein\AppData\Local\JetBrains\IntelliJIdea2024.3\captureAgent\debugger-agent.jar -Dkotlinx.coroutines.debug.enable.creation.stack.trace=false -Ddebugger.agent.enable.coroutines=true -Dkotlinx.coroutines.debug.enable.flows.stack.trace=true -Dkotlinx.coroutines.debug.enable.mutable.state.flows.stack.trace=true -Dfile.encoding=UTF-8 -Dsun.stdout.encoding=UTF-8 -Dsun.stderr.encoding=UTF-8 --module-path=C:\Users\Serein\.m2\repository\org\openjfx\javafx-graphics\21\javafx-graphics-21-win.jar;C:\Users\Serein\.m2\repository\org\openjfx\javafx-fxml\21\javafx-fxml-21-win.jar;C:\Users\Serein\.m2\repository\org\openjfx\javafx-swing\21\javafx-swing-21-win.jar;C:\Users\Serein\.m2\repository\com\google\code\gson\gson\2.8.6\gson-2.8.6.jar;C:\Users\Serein\.m2\repository\org\openjfx\javafx-controls\21\javafx-controls-21-win.jar;C:\Users\Serein\.m2\repository\org\openjfx\javafx-base\21\javafx-base-21-win.jar;C:\Users\Serein\.m2\repository\com\fasterxml\jackson\core\jackson-core\2.18.2\jackson-core-2.18.2.jar;C:\Users\Serein\.m2\repository\com\fasterxml\jackson\core\jackson-databind\2.18.2\jackson-databind-2.18.2.jar;C:\Users\Serein\.m2\repository\com\fasterxml\jackson\core\jackson-annotations\2.18.2\jackson-annotations-2.18.2.jar;C:\Users\Serein\Desktop\´úÂëÎÄ¼þ¼Ð111\JavaProgramDesignForStudentManageFrontEnd\target\classes -Djdk.module.main=com.teach.javafx 
java_command: com.teach.javafx/com.teach.javafx.MainApplication
java_class_path (initial): C:\Users\Serein\.m2\repository\org\openjfx\javafx-controls\21\javafx-controls-21.jar;C:\Users\Serein\.m2\repository\org\openjfx\javafx-graphics\21\javafx-graphics-21.jar;C:\Users\Serein\.m2\repository\org\openjfx\javafx-base\21\javafx-base-21.jar;C:\Users\Serein\.m2\repository\org\openjfx\javafx-fxml\21\javafx-fxml-21.jar;C:\Users\Serein\.m2\repository\org\openjfx\javafx-swing\21\javafx-swing-21.jar;C:\Users\Serein\IntelliJ IDEA 2024.3.4.1\lib\idea_rt.jar
Launcher Type: SUN_STANDARD

[Global flags]
     intx CICompilerCount                          = 12                                        {product} {ergonomic}
     uint ConcGCThreads                            = 4                                         {product} {ergonomic}
     uint G1ConcRefinementThreads                  = 15                                        {product} {ergonomic}
   size_t G1HeapRegionSize                         = 4194304                                   {product} {ergonomic}
    uintx GCDrainStackTargetSize                   = 64                                        {product} {ergonomic}
   size_t InitialHeapSize                          = 398458880                                 {product} {ergonomic}
   size_t MarkStackSize                            = 4194304                                   {product} {ergonomic}
   size_t MaxHeapSize                              = 6371147776                                {product} {ergonomic}
   size_t MaxNewSize                               = 3821010944                                {product} {ergonomic}
   size_t MinHeapDeltaBytes                        = 4194304                                   {product} {ergonomic}
   size_t MinHeapSize                              = 8388608                                   {product} {ergonomic}
    uintx NonNMethodCodeHeapSize                   = 7602480                                {pd product} {ergonomic}
    uintx NonProfiledCodeHeapSize                  = 122027880                              {pd product} {ergonomic}
    uintx ProfiledCodeHeapSize                     = 122027880                              {pd product} {ergonomic}
    uintx ReservedCodeCacheSize                    = 251658240                              {pd product} {ergonomic}
     bool SegmentedCodeCache                       = true                                      {product} {ergonomic}
   size_t SoftMaxHeapSize                          = 6371147776                             {manageable} {ergonomic}
     bool UseCompressedOops                        = true                           {product lp64_product} {ergonomic}
     bool UseG1GC                                  = true                                      {product} {ergonomic}
     bool UseLargePagesIndividualAllocation        = false                                  {pd product} {ergonomic}

Logging:
Log output configuration:
 #0: stdout all=off uptime,level,tags foldmultilines=false
 #1: stderr all=off uptime,level,tags foldmultilines=false

Environment Variables:
PATH=D:\Program Files\Java\jdk-21\bin;C:\WINDOWS\system32;C:\WINDOWS;C:\WINDOWS\System32\Wbem;C:\WINDOWS\System32\WindowsPowerShell\v1.0\;C:\WINDOWS\System32\OpenSSH\;C:\Program Files (x86)\NVIDIA Corporation\PhysX\Common;C:\Program Files\NVIDIA Corporation\NVIDIA NvDLISR;C:\Program Files\Microsoft SQL Server\150\Tools\Binn\;C:\Program Files (x86)\Windows Kits\10\Windows Performance Toolkit\;C:\Program Files\Git\cmd;C:\Program Files\dotnet\;C:\Users\Serein\AppData\Local\Programs\Python\Python312\;C:\Users\Serein\AppData\Local\Microsoft\WindowsApps;D:\QQ;;C:\Users\Serein\IntelliJ IDEA 2024.3.4.1\bin;;D:\intellij idea\ij\IntelliJ IDEA Community Edition 2024.2.3\bin;
USERNAME=Serein
OS=Windows_NT
PROCESSOR_IDENTIFIER=Intel64 Family 6 Model 183 Stepping 1, GenuineIntel
TMP=C:\Users\Serein\AppData\Local\Temp
TEMP=C:\Users\Serein\AppData\Local\Temp




Periodic native trim disabled

---------------  S Y S T E M  ---------------

OS:
 Windows 11 , 64 bit Build 26100 (10.0.26100.3912)
OS uptime: 2 days 13:21 hours

CPU: total 20 (initial active 20) (10 cores per cpu, 2 threads per core) family 6 model 183 stepping 1 microcode 0x122, cx8, cmov, fxsr, ht, mmx, 3dnowpref, sse, sse2, sse3, ssse3, sse4.1, sse4.2, popcnt, lzcnt, tsc, tscinvbit, avx, avx2, aes, erms, clmul, bmi1, bmi2, adx, sha, fma, vzeroupper, clflush, clflushopt, clwb, serialize, rdtscp, rdpid, fsrm, f16c, pku, cet_ibt, cet_ss
Processor Information for processor 0
  Max Mhz: 2600, Current Mhz: 2600, Mhz Limit: 2600
Processor Information for processor 1
  Max Mhz: 2600, Current Mhz: 2600, Mhz Limit: 2600
Processor Information for processor 2
  Max Mhz: 2600, Current Mhz: 2600, Mhz Limit: 2600
Processor Information for processor 3
  Max Mhz: 2600, Current Mhz: 2600, Mhz Limit: 2600
Processor Information for processor 4
  Max Mhz: 2600, Current Mhz: 2600, Mhz Limit: 2600
Processor Information for processor 5
  Max Mhz: 2600, Current Mhz: 2600, Mhz Limit: 2600
Processor Information for processor 6
  Max Mhz: 2600, Current Mhz: 2600, Mhz Limit: 2600
Processor Information for processor 7
  Max Mhz: 2600, Current Mhz: 2600, Mhz Limit: 2600
Processor Information for processor 8
  Max Mhz: 2600, Current Mhz: 2600, Mhz Limit: 2600
Processor Information for processor 9
  Max Mhz: 2600, Current Mhz: 2600, Mhz Limit: 2600
Processor Information for processor 10
  Max Mhz: 2600, Current Mhz: 2600, Mhz Limit: 2600
Processor Information for processor 11
  Max Mhz: 2600, Current Mhz: 2600, Mhz Limit: 2600
Processor Information for processor 12
  Max Mhz: 2600, Current Mhz: 1900, Mhz Limit: 1898
Processor Information for processor 13
  Max Mhz: 2600, Current Mhz: 1900, Mhz Limit: 1898
Processor Information for processor 14
  Max Mhz: 2600, Current Mhz: 1900, Mhz Limit: 1898
Processor Information for processor 15
  Max Mhz: 2600, Current Mhz: 1900, Mhz Limit: 1898
Processor Information for processor 16
  Max Mhz: 2600, Current Mhz: 1900, Mhz Limit: 1898
Processor Information for processor 17
  Max Mhz: 2600, Current Mhz: 1900, Mhz Limit: 1898
Processor Information for processor 18
  Max Mhz: 2600, Current Mhz: 1900, Mhz Limit: 1898
Processor Information for processor 19
  Max Mhz: 2600, Current Mhz: 1900, Mhz Limit: 1898

Memory: 4k page, system-wide physical 24299M (12132M free)
TotalPageFile size 28395M (AvailPageFile size 12954M)
current process WorkingSet (physical memory assigned to process): 379M, peak: 450M
current process commit charge ("private bytes"): 441M, peak: 726M

vm_info: OpenJDK 64-Bit Server VM (21.0.6+7-LTS) for windows-amd64 JRE (21.0.6+7-LTS), built on 2025-01-07T23:42:01Z by "Administrator" with MS VC++ 16.10 / 16.11 (VS2019)

END.
